{"/home/brianba/projects/sandbox/proteus/packages/cli/src/commands/reset.ts": {"path":"/home/brianba/projects/sandbox/proteus/packages/cli/src/commands/reset.ts","statementMap":{"0":{"start":{"line":16,"column":28},"end":{"line":91,"column":null}},"1":{"start":{"line":21,"column":4},"end":{"line":26,"column":null}},"2":{"start":{"line":22,"column":6},"end":{"line":24,"column":null}},"3":{"start":{"line":25,"column":6},"end":{"line":25,"column":null}},"4":{"start":{"line":29,"column":4},"end":{"line":34,"column":null}},"5":{"start":{"line":30,"column":6},"end":{"line":30,"column":null}},"6":{"start":{"line":32,"column":6},"end":{"line":32,"column":null}},"7":{"start":{"line":33,"column":6},"end":{"line":33,"column":null}},"8":{"start":{"line":36,"column":10},"end":{"line":36,"column":null}},"9":{"start":{"line":37,"column":10},"end":{"line":37,"column":null}},"10":{"start":{"line":38,"column":10},"end":{"line":38,"column":null}},"11":{"start":{"line":40,"column":4},"end":{"line":43,"column":null}},"12":{"start":{"line":41,"column":6},"end":{"line":41,"column":null}},"13":{"start":{"line":42,"column":6},"end":{"line":42,"column":null}},"14":{"start":{"line":46,"column":10},"end":{"line":46,"column":null}},"15":{"start":{"line":47,"column":28},"end":{"line":49,"column":null}},"16":{"start":{"line":47,"column":47},"end":{"line":48,"column":null}},"17":{"start":{"line":50,"column":4},"end":{"line":57,"column":null}},"18":{"start":{"line":51,"column":6},"end":{"line":53,"column":null}},"19":{"start":{"line":54,"column":6},"end":{"line":56,"column":null}},"20":{"start":{"line":59,"column":4},"end":{"line":59,"column":null}},"21":{"start":{"line":60,"column":4},"end":{"line":60,"column":null}},"22":{"start":{"line":61,"column":4},"end":{"line":61,"column":null}},"23":{"start":{"line":63,"column":22},"end":{"line":63,"column":null}},"24":{"start":{"line":65,"column":4},"end":{"line":68,"column":null}},"25":{"start":{"line":66,"column":6},"end":{"line":66,"column":null}},"26":{"start":{"line":67,"column":6},"end":{"line":67,"column":null}},"27":{"start":{"line":70,"column":4},"end":{"line":70,"column":null}},"28":{"start":{"line":71,"column":4},"end":{"line":71,"column":null}},"29":{"start":{"line":73,"column":4},"end":{"line":73,"column":null}},"30":{"start":{"line":75,"column":4},"end":{"line":79,"column":null}},"31":{"start":{"line":81,"column":4},"end":{"line":88,"column":null}},"32":{"start":{"line":82,"column":6},"end":{"line":85,"column":null}},"33":{"start":{"line":90,"column":4},"end":{"line":90,"column":null}}},"fnMap":{"0":{"name":"(anonymous_0)","decl":{"start":{"line":20,"column":10},"end":{"line":20,"column":17}},"loc":{"start":{"line":20,"column":50},"end":{"line":91,"column":3}},"line":20},"1":{"name":"(anonymous_1)","decl":{"start":{"line":47,"column":46},"end":{"line":47,"column":47}},"loc":{"start":{"line":47,"column":47},"end":{"line":48,"column":null}},"line":47}},"branchMap":{"0":{"loc":{"start":{"line":21,"column":4},"end":{"line":26,"column":null}},"type":"if","locations":[{"start":{"line":21,"column":4},"end":{"line":26,"column":null}},{"start":{},"end":{}}],"line":21},"1":{"loc":{"start":{"line":40,"column":4},"end":{"line":43,"column":null}},"type":"if","locations":[{"start":{"line":40,"column":4},"end":{"line":43,"column":null}},{"start":{},"end":{}}],"line":40},"2":{"loc":{"start":{"line":50,"column":4},"end":{"line":57,"column":null}},"type":"if","locations":[{"start":{"line":50,"column":4},"end":{"line":57,"column":null}},{"start":{},"end":{}}],"line":50},"3":{"loc":{"start":{"line":65,"column":4},"end":{"line":68,"column":null}},"type":"if","locations":[{"start":{"line":65,"column":4},"end":{"line":68,"column":null}},{"start":{},"end":{}}],"line":65}},"s":{"0":1,"1":6,"2":0,"3":0,"4":6,"5":6,"6":0,"7":0,"8":6,"9":6,"10":6,"11":6,"12":1,"13":1,"14":5,"15":5,"16":15,"17":5,"18":1,"19":1,"20":5,"21":5,"22":5,"23":5,"24":5,"25":1,"26":1,"27":4,"28":4,"29":4,"30":4,"31":4,"32":4,"33":4},"f":{"0":6,"1":15},"b":{"0":[0,6],"1":[1,5],"2":[1,4],"3":[1,4]},"meta":{"lastBranch":4,"lastFunction":2,"lastStatement":34,"seen":{"s:16:28:91:Infinity":0,"f:20:10:20:17":0,"b:21:4:26:Infinity:undefined:undefined:undefined:undefined":0,"s:21:4:26:Infinity":1,"s:22:6:24:Infinity":2,"s:25:6:25:Infinity":3,"s:29:4:34:Infinity":4,"s:30:6:30:Infinity":5,"s:32:6:32:Infinity":6,"s:33:6:33:Infinity":7,"s:36:10:36:Infinity":8,"s:37:10:37:Infinity":9,"s:38:10:38:Infinity":10,"b:40:4:43:Infinity:undefined:undefined:undefined:undefined":1,"s:40:4:43:Infinity":11,"s:41:6:41:Infinity":12,"s:42:6:42:Infinity":13,"s:46:10:46:Infinity":14,"s:47:28:49:Infinity":15,"f:47:46:47:47":1,"s:47:47:48:Infinity":16,"b:50:4:57:Infinity:undefined:undefined:undefined:undefined":2,"s:50:4:57:Infinity":17,"s:51:6:53:Infinity":18,"s:54:6:56:Infinity":19,"s:59:4:59:Infinity":20,"s:60:4:60:Infinity":21,"s:61:4:61:Infinity":22,"s:63:22:63:Infinity":23,"b:65:4:68:Infinity:undefined:undefined:undefined:undefined":3,"s:65:4:68:Infinity":24,"s:66:6:66:Infinity":25,"s:67:6:67:Infinity":26,"s:70:4:70:Infinity":27,"s:71:4:71:Infinity":28,"s:73:4:73:Infinity":29,"s:75:4:79:Infinity":30,"s:81:4:88:Infinity":31,"s:82:6:85:Infinity":32,"s:90:4:90:Infinity":33}}}
,"/home/brianba/projects/sandbox/proteus/packages/cli/src/commands/retarget.ts": {"path":"/home/brianba/projects/sandbox/proteus/packages/cli/src/commands/retarget.ts","statementMap":{"0":{"start":{"line":11,"column":31},"end":{"line":114,"column":null}},"1":{"start":{"line":18,"column":4},"end":{"line":23,"column":null}},"2":{"start":{"line":19,"column":6},"end":{"line":19,"column":null}},"3":{"start":{"line":21,"column":6},"end":{"line":21,"column":null}},"4":{"start":{"line":22,"column":6},"end":{"line":22,"column":null}},"5":{"start":{"line":25,"column":10},"end":{"line":25,"column":null}},"6":{"start":{"line":26,"column":22},"end":{"line":26,"column":null}},"7":{"start":{"line":28,"column":4},"end":{"line":31,"column":null}},"8":{"start":{"line":29,"column":6},"end":{"line":29,"column":null}},"9":{"start":{"line":30,"column":6},"end":{"line":30,"column":null}},"10":{"start":{"line":34,"column":21},"end":{"line":34,"column":null}},"11":{"start":{"line":35,"column":4},"end":{"line":42,"column":null}},"12":{"start":{"line":36,"column":6},"end":{"line":41,"column":null}},"13":{"start":{"line":37,"column":8},"end":{"line":39,"column":null}},"14":{"start":{"line":40,"column":8},"end":{"line":40,"column":null}},"15":{"start":{"line":44,"column":4},"end":{"line":98,"column":null}},"16":{"start":{"line":45,"column":6},"end":{"line":48,"column":null}},"17":{"start":{"line":46,"column":8},"end":{"line":46,"column":null}},"18":{"start":{"line":47,"column":8},"end":{"line":47,"column":null}},"19":{"start":{"line":49,"column":6},"end":{"line":52,"column":null}},"20":{"start":{"line":50,"column":8},"end":{"line":50,"column":null}},"21":{"start":{"line":51,"column":8},"end":{"line":51,"column":null}},"22":{"start":{"line":53,"column":6},"end":{"line":58,"column":null}},"23":{"start":{"line":54,"column":8},"end":{"line":56,"column":null}},"24":{"start":{"line":57,"column":8},"end":{"line":57,"column":null}},"25":{"start":{"line":60,"column":6},"end":{"line":60,"column":null}},"26":{"start":{"line":61,"column":6},"end":{"line":61,"column":null}},"27":{"start":{"line":62,"column":6},"end":{"line":62,"column":null}},"28":{"start":{"line":64,"column":24},"end":{"line":64,"column":null}},"29":{"start":{"line":65,"column":6},"end":{"line":68,"column":null}},"30":{"start":{"line":66,"column":8},"end":{"line":66,"column":null}},"31":{"start":{"line":67,"column":8},"end":{"line":67,"column":null}},"32":{"start":{"line":70,"column":6},"end":{"line":83,"column":null}},"33":{"start":{"line":71,"column":8},"end":{"line":71,"column":null}},"34":{"start":{"line":72,"column":8},"end":{"line":72,"column":null}},"35":{"start":{"line":74,"column":22},"end":{"line":74,"column":null}},"36":{"start":{"line":75,"column":8},"end":{"line":81,"column":null}},"37":{"start":{"line":76,"column":10},"end":{"line":78,"column":null}},"38":{"start":{"line":80,"column":10},"end":{"line":80,"column":null}},"39":{"start":{"line":82,"column":8},"end":{"line":82,"column":null}},"40":{"start":{"line":85,"column":6},"end":{"line":87,"column":null}},"41":{"start":{"line":86,"column":8},"end":{"line":86,"column":null}},"42":{"start":{"line":89,"column":6},"end":{"line":89,"column":null}},"43":{"start":{"line":90,"column":6},"end":{"line":90,"column":null}},"44":{"start":{"line":91,"column":6},"end":{"line":91,"column":null}},"45":{"start":{"line":93,"column":24},"end":{"line":93,"column":null}},"46":{"start":{"line":94,"column":6},"end":{"line":97,"column":null}},"47":{"start":{"line":95,"column":8},"end":{"line":95,"column":null}},"48":{"start":{"line":96,"column":8},"end":{"line":96,"column":null}},"49":{"start":{"line":100,"column":4},"end":{"line":100,"column":null}},"50":{"start":{"line":101,"column":4},"end":{"line":101,"column":null}},"51":{"start":{"line":103,"column":4},"end":{"line":111,"column":null}},"52":{"start":{"line":104,"column":6},"end":{"line":108,"column":null}},"53":{"start":{"line":113,"column":4},"end":{"line":113,"column":null}}},"fnMap":{"0":{"name":"(anonymous_0)","decl":{"start":{"line":16,"column":10},"end":{"line":16,"column":17}},"loc":{"start":{"line":16,"column":86},"end":{"line":114,"column":3}},"line":16}},"branchMap":{"0":{"loc":{"start":{"line":28,"column":4},"end":{"line":31,"column":null}},"type":"if","locations":[{"start":{"line":28,"column":4},"end":{"line":31,"column":null}},{"start":{},"end":{}}],"line":28},"1":{"loc":{"start":{"line":36,"column":6},"end":{"line":41,"column":null}},"type":"if","locations":[{"start":{"line":36,"column":6},"end":{"line":41,"column":null}},{"start":{},"end":{}}],"line":36},"2":{"loc":{"start":{"line":36,"column":10},"end":{"line":36,"column":67}},"type":"binary-expr","locations":[{"start":{"line":36,"column":10},"end":{"line":36,"column":39}},{"start":{"line":36,"column":39},"end":{"line":36,"column":67}}],"line":36},"3":{"loc":{"start":{"line":44,"column":4},"end":{"line":98,"column":null}},"type":"if","locations":[{"start":{"line":44,"column":4},"end":{"line":98,"column":null}},{"start":{"line":84,"column":11},"end":{"line":98,"column":null}}],"line":44},"4":{"loc":{"start":{"line":45,"column":6},"end":{"line":48,"column":null}},"type":"if","locations":[{"start":{"line":45,"column":6},"end":{"line":48,"column":null}},{"start":{},"end":{}}],"line":45},"5":{"loc":{"start":{"line":49,"column":6},"end":{"line":52,"column":null}},"type":"if","locations":[{"start":{"line":49,"column":6},"end":{"line":52,"column":null}},{"start":{},"end":{}}],"line":49},"6":{"loc":{"start":{"line":53,"column":6},"end":{"line":58,"column":null}},"type":"if","locations":[{"start":{"line":53,"column":6},"end":{"line":58,"column":null}},{"start":{},"end":{}}],"line":53},"7":{"loc":{"start":{"line":65,"column":6},"end":{"line":68,"column":null}},"type":"if","locations":[{"start":{"line":65,"column":6},"end":{"line":68,"column":null}},{"start":{},"end":{}}],"line":65},"8":{"loc":{"start":{"line":75,"column":8},"end":{"line":81,"column":null}},"type":"if","locations":[{"start":{"line":75,"column":8},"end":{"line":81,"column":null}},{"start":{"line":79,"column":15},"end":{"line":81,"column":null}}],"line":75},"9":{"loc":{"start":{"line":85,"column":6},"end":{"line":87,"column":null}},"type":"if","locations":[{"start":{"line":85,"column":6},"end":{"line":87,"column":null}},{"start":{},"end":{}}],"line":85},"10":{"loc":{"start":{"line":94,"column":6},"end":{"line":97,"column":null}},"type":"if","locations":[{"start":{"line":94,"column":6},"end":{"line":97,"column":null}},{"start":{},"end":{}}],"line":94}},"s":{"0":1,"1":7,"2":7,"3":0,"4":0,"5":7,"6":7,"7":7,"8":1,"9":1,"10":6,"11":6,"12":7,"13":1,"14":1,"15":5,"16":3,"17":0,"18":0,"19":3,"20":1,"21":1,"22":2,"23":1,"24":1,"25":1,"26":1,"27":1,"28":1,"29":1,"30":0,"31":0,"32":1,"33":1,"34":1,"35":0,"36":0,"37":0,"38":0,"39":0,"40":2,"41":2,"42":2,"43":2,"44":2,"45":2,"46":2,"47":1,"48":1,"49":2,"50":2,"51":2,"52":2,"53":2},"f":{"0":7},"b":{"0":[1,6],"1":[1,6],"2":[7,1],"3":[3,2],"4":[0,3],"5":[1,2],"6":[1,1],"7":[0,1],"8":[0,0],"9":[2,0],"10":[1,1]},"meta":{"lastBranch":11,"lastFunction":1,"lastStatement":54,"seen":{"s:11:31:114:Infinity":0,"f:16:10:16:17":0,"s:18:4:23:Infinity":1,"s:19:6:19:Infinity":2,"s:21:6:21:Infinity":3,"s:22:6:22:Infinity":4,"s:25:10:25:Infinity":5,"s:26:22:26:Infinity":6,"b:28:4:31:Infinity:undefined:undefined:undefined:undefined":0,"s:28:4:31:Infinity":7,"s:29:6:29:Infinity":8,"s:30:6:30:Infinity":9,"s:34:21:34:Infinity":10,"s:35:4:42:Infinity":11,"b:36:6:41:Infinity:undefined:undefined:undefined:undefined":1,"s:36:6:41:Infinity":12,"b:36:10:36:39:36:39:36:67":2,"s:37:8:39:Infinity":13,"s:40:8:40:Infinity":14,"b:44:4:98:Infinity:84:11:98:Infinity":3,"s:44:4:98:Infinity":15,"b:45:6:48:Infinity:undefined:undefined:undefined:undefined":4,"s:45:6:48:Infinity":16,"s:46:8:46:Infinity":17,"s:47:8:47:Infinity":18,"b:49:6:52:Infinity:undefined:undefined:undefined:undefined":5,"s:49:6:52:Infinity":19,"s:50:8:50:Infinity":20,"s:51:8:51:Infinity":21,"b:53:6:58:Infinity:undefined:undefined:undefined:undefined":6,"s:53:6:58:Infinity":22,"s:54:8:56:Infinity":23,"s:57:8:57:Infinity":24,"s:60:6:60:Infinity":25,"s:61:6:61:Infinity":26,"s:62:6:62:Infinity":27,"s:64:24:64:Infinity":28,"b:65:6:68:Infinity:undefined:undefined:undefined:undefined":7,"s:65:6:68:Infinity":29,"s:66:8:66:Infinity":30,"s:67:8:67:Infinity":31,"s:70:6:83:Infinity":32,"s:71:8:71:Infinity":33,"s:72:8:72:Infinity":34,"s:74:22:74:Infinity":35,"b:75:8:81:Infinity:79:15:81:Infinity":8,"s:75:8:81:Infinity":36,"s:76:10:78:Infinity":37,"s:80:10:80:Infinity":38,"s:82:8:82:Infinity":39,"b:85:6:87:Infinity:undefined:undefined:undefined:undefined":9,"s:85:6:87:Infinity":40,"s:86:8:86:Infinity":41,"s:89:6:89:Infinity":42,"s:90:6:90:Infinity":43,"s:91:6:91:Infinity":44,"s:93:24:93:Infinity":45,"b:94:6:97:Infinity:undefined:undefined:undefined:undefined":10,"s:94:6:97:Infinity":46,"s:95:8:95:Infinity":47,"s:96:8:96:Infinity":48,"s:100:4:100:Infinity":49,"s:101:4:101:Infinity":50,"s:103:4:111:Infinity":51,"s:104:6:108:Infinity":52,"s:113:4:113:Infinity":53}}}
,"/home/brianba/projects/sandbox/proteus/packages/cli/src/commands/revert.ts": {"path":"/home/brianba/projects/sandbox/proteus/packages/cli/src/commands/revert.ts","statementMap":{"0":{"start":{"line":12,"column":29},"end":{"line":96,"column":null}},"1":{"start":{"line":17,"column":4},"end":{"line":22,"column":null}},"2":{"start":{"line":18,"column":6},"end":{"line":20,"column":null}},"3":{"start":{"line":21,"column":6},"end":{"line":21,"column":null}},"4":{"start":{"line":24,"column":10},"end":{"line":24,"column":null}},"5":{"start":{"line":25,"column":4},"end":{"line":28,"column":null}},"6":{"start":{"line":26,"column":6},"end":{"line":26,"column":null}},"7":{"start":{"line":27,"column":6},"end":{"line":27,"column":null}},"8":{"start":{"line":31,"column":4},"end":{"line":36,"column":null}},"9":{"start":{"line":32,"column":6},"end":{"line":32,"column":null}},"10":{"start":{"line":34,"column":6},"end":{"line":34,"column":null}},"11":{"start":{"line":35,"column":6},"end":{"line":35,"column":null}},"12":{"start":{"line":38,"column":10},"end":{"line":38,"column":null}},"13":{"start":{"line":39,"column":17},"end":{"line":44,"column":null}},"14":{"start":{"line":39,"column":40},"end":{"line":44,"column":6}},"15":{"start":{"line":46,"column":25},"end":{"line":46,"column":null}},"16":{"start":{"line":46,"column":44},"end":{"line":46,"column":52}},"17":{"start":{"line":47,"column":4},"end":{"line":50,"column":null}},"18":{"start":{"line":48,"column":6},"end":{"line":48,"column":null}},"19":{"start":{"line":49,"column":6},"end":{"line":49,"column":null}},"20":{"start":{"line":52,"column":4},"end":{"line":52,"column":null}},"21":{"start":{"line":53,"column":4},"end":{"line":53,"column":null}},"22":{"start":{"line":54,"column":4},"end":{"line":54,"column":null}},"23":{"start":{"line":55,"column":4},"end":{"line":59,"column":null}},"24":{"start":{"line":56,"column":21},"end":{"line":56,"column":null}},"25":{"start":{"line":57,"column":21},"end":{"line":57,"column":null}},"26":{"start":{"line":58,"column":6},"end":{"line":58,"column":null}},"27":{"start":{"line":61,"column":22},"end":{"line":63,"column":null}},"28":{"start":{"line":65,"column":4},"end":{"line":68,"column":null}},"29":{"start":{"line":66,"column":6},"end":{"line":66,"column":null}},"30":{"start":{"line":67,"column":6},"end":{"line":67,"column":null}},"31":{"start":{"line":70,"column":4},"end":{"line":73,"column":null}},"32":{"start":{"line":71,"column":6},"end":{"line":71,"column":null}},"33":{"start":{"line":72,"column":6},"end":{"line":72,"column":null}},"34":{"start":{"line":75,"column":4},"end":{"line":78,"column":null}},"35":{"start":{"line":80,"column":4},"end":{"line":84,"column":null}},"36":{"start":{"line":83,"column":73},"end":{"line":83,"column":80}},"37":{"start":{"line":86,"column":4},"end":{"line":93,"column":null}},"38":{"start":{"line":87,"column":6},"end":{"line":90,"column":null}},"39":{"start":{"line":95,"column":4},"end":{"line":95,"column":null}}},"fnMap":{"0":{"name":"(anonymous_0)","decl":{"start":{"line":16,"column":10},"end":{"line":16,"column":17}},"loc":{"start":{"line":16,"column":50},"end":{"line":96,"column":3}},"line":16},"1":{"name":"(anonymous_1)","decl":{"start":{"line":39,"column":32},"end":{"line":39,"column":33}},"loc":{"start":{"line":39,"column":40},"end":{"line":44,"column":6}},"line":39},"2":{"name":"(anonymous_2)","decl":{"start":{"line":46,"column":37},"end":{"line":46,"column":38}},"loc":{"start":{"line":46,"column":44},"end":{"line":46,"column":52}},"line":46},"3":{"name":"(anonymous_3)","decl":{"start":{"line":83,"column":66},"end":{"line":83,"column":67}},"loc":{"start":{"line":83,"column":73},"end":{"line":83,"column":80}},"line":83}},"branchMap":{"0":{"loc":{"start":{"line":17,"column":4},"end":{"line":22,"column":null}},"type":"if","locations":[{"start":{"line":17,"column":4},"end":{"line":22,"column":null}},{"start":{},"end":{}}],"line":17},"1":{"loc":{"start":{"line":25,"column":4},"end":{"line":28,"column":null}},"type":"if","locations":[{"start":{"line":25,"column":4},"end":{"line":28,"column":null}},{"start":{},"end":{}}],"line":25},"2":{"loc":{"start":{"line":47,"column":4},"end":{"line":50,"column":null}},"type":"if","locations":[{"start":{"line":47,"column":4},"end":{"line":50,"column":null}},{"start":{},"end":{}}],"line":47},"3":{"loc":{"start":{"line":56,"column":21},"end":{"line":56,"column":null}},"type":"cond-expr","locations":[{"start":{"line":56,"column":32},"end":{"line":56,"column":45}},{"start":{"line":56,"column":45},"end":{"line":56,"column":null}}],"line":56},"4":{"loc":{"start":{"line":57,"column":21},"end":{"line":57,"column":null}},"type":"cond-expr","locations":[{"start":{"line":57,"column":32},"end":{"line":57,"column":37}},{"start":{"line":57,"column":37},"end":{"line":57,"column":null}}],"line":57},"5":{"loc":{"start":{"line":62,"column":55},"end":{"line":62,"column":94}},"type":"cond-expr","locations":[{"start":{"line":62,"column":83},"end":{"line":62,"column":89}},{"start":{"line":62,"column":89},"end":{"line":62,"column":94}}],"line":62},"6":{"loc":{"start":{"line":65,"column":4},"end":{"line":68,"column":null}},"type":"if","locations":[{"start":{"line":65,"column":4},"end":{"line":68,"column":null}},{"start":{},"end":{}}],"line":65}},"s":{"0":1,"1":7,"2":0,"3":0,"4":7,"5":7,"6":1,"7":1,"8":6,"9":6,"10":0,"11":0,"12":6,"13":6,"14":24,"15":6,"16":24,"17":6,"18":1,"19":1,"20":5,"21":5,"22":5,"23":5,"24":20,"25":20,"26":20,"27":5,"28":5,"29":1,"30":1,"31":4,"32":6,"33":6,"34":4,"35":4,"36":6,"37":4,"38":4,"39":4},"f":{"0":7,"1":24,"2":24,"3":6},"b":{"0":[0,7],"1":[1,6],"2":[1,5],"3":[7,13],"4":[7,13],"5":[4,1],"6":[1,4]},"meta":{"lastBranch":7,"lastFunction":4,"lastStatement":40,"seen":{"s:12:29:96:Infinity":0,"f:16:10:16:17":0,"b:17:4:22:Infinity:undefined:undefined:undefined:undefined":0,"s:17:4:22:Infinity":1,"s:18:6:20:Infinity":2,"s:21:6:21:Infinity":3,"s:24:10:24:Infinity":4,"b:25:4:28:Infinity:undefined:undefined:undefined:undefined":1,"s:25:4:28:Infinity":5,"s:26:6:26:Infinity":6,"s:27:6:27:Infinity":7,"s:31:4:36:Infinity":8,"s:32:6:32:Infinity":9,"s:34:6:34:Infinity":10,"s:35:6:35:Infinity":11,"s:38:10:38:Infinity":12,"s:39:17:44:Infinity":13,"f:39:32:39:33":1,"s:39:40:44:6":14,"s:46:25:46:Infinity":15,"f:46:37:46:38":2,"s:46:44:46:52":16,"b:47:4:50:Infinity:undefined:undefined:undefined:undefined":2,"s:47:4:50:Infinity":17,"s:48:6:48:Infinity":18,"s:49:6:49:Infinity":19,"s:52:4:52:Infinity":20,"s:53:4:53:Infinity":21,"s:54:4:54:Infinity":22,"s:55:4:59:Infinity":23,"s:56:21:56:Infinity":24,"b:56:32:56:45:56:45:56:Infinity":3,"s:57:21:57:Infinity":25,"b:57:32:57:37:57:37:57:Infinity":4,"s:58:6:58:Infinity":26,"s:61:22:63:Infinity":27,"b:62:83:62:89:62:89:62:94":5,"b:65:4:68:Infinity:undefined:undefined:undefined:undefined":6,"s:65:4:68:Infinity":28,"s:66:6:66:Infinity":29,"s:67:6:67:Infinity":30,"s:70:4:73:Infinity":31,"s:71:6:71:Infinity":32,"s:72:6:72:Infinity":33,"s:75:4:78:Infinity":34,"s:80:4:84:Infinity":35,"f:83:66:83:67":3,"s:83:73:83:80":36,"s:86:4:93:Infinity":37,"s:87:6:90:Infinity":38,"s:95:4:95:Infinity":39}}}
,"/home/brianba/projects/sandbox/proteus/packages/cli/src/commands/verify.ts": {"path":"/home/brianba/projects/sandbox/proteus/packages/cli/src/commands/verify.ts","statementMap":{"0":{"start":{"line":28,"column":2},"end":{"line":33,"column":null}},"1":{"start":{"line":29,"column":4},"end":{"line":29,"column":null}},"2":{"start":{"line":31,"column":4},"end":{"line":31,"column":null}},"3":{"start":{"line":32,"column":4},"end":{"line":32,"column":null}},"4":{"start":{"line":35,"column":21},"end":{"line":35,"column":null}},"5":{"start":{"line":36,"column":8},"end":{"line":36,"column":null}},"6":{"start":{"line":38,"column":2},"end":{"line":43,"column":null}},"7":{"start":{"line":39,"column":4},"end":{"line":41,"column":null}},"8":{"start":{"line":42,"column":4},"end":{"line":42,"column":null}},"9":{"start":{"line":45,"column":2},"end":{"line":45,"column":null}},"10":{"start":{"line":46,"column":2},"end":{"line":46,"column":null}},"11":{"start":{"line":48,"column":17},"end":{"line":51,"column":null}},"12":{"start":{"line":53,"column":2},"end":{"line":53,"column":null}},"13":{"start":{"line":55,"column":22},"end":{"line":57,"column":null}},"14":{"start":{"line":56,"column":16},"end":{"line":56,"column":85}},"15":{"start":{"line":59,"column":2},"end":{"line":63,"column":null}},"16":{"start":{"line":65,"column":2},"end":{"line":67,"column":null}},"17":{"start":{"line":66,"column":4},"end":{"line":66,"column":null}},"18":{"start":{"line":70,"column":23},"end":{"line":70,"column":null}},"19":{"start":{"line":71,"column":2},"end":{"line":74,"column":null}},"20":{"start":{"line":72,"column":4},"end":{"line":72,"column":null}},"21":{"start":{"line":73,"column":4},"end":{"line":73,"column":null}},"22":{"start":{"line":76,"column":8},"end":{"line":79,"column":null}},"23":{"start":{"line":81,"column":8},"end":{"line":85,"column":null}},"24":{"start":{"line":87,"column":2},"end":{"line":87,"column":null}},"25":{"start":{"line":88,"column":2},"end":{"line":88,"column":null}},"26":{"start":{"line":88,"column":13},"end":{"line":88,"column":null}},"27":{"start":{"line":90,"column":8},"end":{"line":90,"column":null}},"28":{"start":{"line":91,"column":20},"end":{"line":98,"column":null}},"29":{"start":{"line":97,"column":24},"end":{"line":97,"column":null}},"30":{"start":{"line":99,"column":2},"end":{"line":99,"column":null}},"31":{"start":{"line":101,"column":2},"end":{"line":101,"column":null}},"32":{"start":{"line":102,"column":2},"end":{"line":107,"column":null}},"33":{"start":{"line":109,"column":2},"end":{"line":115,"column":null}},"34":{"start":{"line":110,"column":4},"end":{"line":110,"column":null}},"35":{"start":{"line":111,"column":4},"end":{"line":113,"column":null}},"36":{"start":{"line":112,"column":6},"end":{"line":112,"column":null}},"37":{"start":{"line":112,"column":42},"end":{"line":112,"column":null}},"38":{"start":{"line":114,"column":4},"end":{"line":114,"column":null}},"39":{"start":{"line":118,"column":2},"end":{"line":118,"column":null}},"40":{"start":{"line":120,"column":25},"end":{"line":123,"column":null}},"41":{"start":{"line":125,"column":2},"end":{"line":125,"column":null}},"42":{"start":{"line":127,"column":24},"end":{"line":129,"column":null}},"43":{"start":{"line":128,"column":16},"end":{"line":128,"column":85}},"44":{"start":{"line":131,"column":2},"end":{"line":135,"column":null}},"45":{"start":{"line":137,"column":2},"end":{"line":137,"column":null}},"46":{"start":{"line":140,"column":29},"end":{"line":157,"column":null}},"47":{"start":{"line":154,"column":22},"end":{"line":154,"column":null}},"48":{"start":{"line":155,"column":6},"end":{"line":155,"column":null}},"49":{"start":{"line":155,"column":20},"end":{"line":155,"column":null}}},"fnMap":{"0":{"name":"runVerify","decl":{"start":{"line":23,"column":22},"end":{"line":23,"column":null}},"loc":{"start":{"line":26,"column":20},"end":{"line":138,"column":null}},"line":26},"1":{"name":"(anonymous_1)","decl":{"start":{"line":56,"column":9},"end":{"line":56,"column":10}},"loc":{"start":{"line":56,"column":16},"end":{"line":56,"column":85}},"line":56},"2":{"name":"(anonymous_2)","decl":{"start":{"line":97,"column":15},"end":{"line":97,"column":16}},"loc":{"start":{"line":97,"column":24},"end":{"line":97,"column":null}},"line":97},"3":{"name":"(anonymous_3)","decl":{"start":{"line":128,"column":9},"end":{"line":128,"column":10}},"loc":{"start":{"line":128,"column":16},"end":{"line":128,"column":85}},"line":128},"4":{"name":"(anonymous_4)","decl":{"start":{"line":150,"column":4},"end":{"line":150,"column":null}},"loc":{"start":{"line":153,"column":9},"end":{"line":156,"column":null}},"line":153}},"branchMap":{"0":{"loc":{"start":{"line":38,"column":2},"end":{"line":43,"column":null}},"type":"if","locations":[{"start":{"line":38,"column":2},"end":{"line":43,"column":null}},{"start":{},"end":{}}],"line":38},"1":{"loc":{"start":{"line":56,"column":29},"end":{"line":56,"column":83}},"type":"cond-expr","locations":[{"start":{"line":56,"column":41},"end":{"line":56,"column":53}},{"start":{"line":56,"column":53},"end":{"line":56,"column":83}}],"line":56},"2":{"loc":{"start":{"line":56,"column":53},"end":{"line":56,"column":83}},"type":"cond-expr","locations":[{"start":{"line":56,"column":64},"end":{"line":56,"column":75}},{"start":{"line":56,"column":75},"end":{"line":56,"column":83}}],"line":56},"3":{"loc":{"start":{"line":61,"column":12},"end":{"line":61,"column":null}},"type":"cond-expr","locations":[{"start":{"line":61,"column":31},"end":{"line":61,"column":43}},{"start":{"line":61,"column":43},"end":{"line":61,"column":null}}],"line":61},"4":{"loc":{"start":{"line":65,"column":2},"end":{"line":67,"column":null}},"type":"if","locations":[{"start":{"line":65,"column":2},"end":{"line":67,"column":null}},{"start":{},"end":{}}],"line":65},"5":{"loc":{"start":{"line":65,"column":6},"end":{"line":65,"column":40}},"type":"binary-expr","locations":[{"start":{"line":65,"column":6},"end":{"line":65,"column":26}},{"start":{"line":65,"column":26},"end":{"line":65,"column":40}}],"line":65},"6":{"loc":{"start":{"line":71,"column":2},"end":{"line":74,"column":null}},"type":"if","locations":[{"start":{"line":71,"column":2},"end":{"line":74,"column":null}},{"start":{},"end":{}}],"line":71},"7":{"loc":{"start":{"line":88,"column":2},"end":{"line":88,"column":null}},"type":"if","locations":[{"start":{"line":88,"column":2},"end":{"line":88,"column":null}},{"start":{},"end":{}}],"line":88},"8":{"loc":{"start":{"line":104,"column":12},"end":{"line":104,"column":null}},"type":"cond-expr","locations":[{"start":{"line":104,"column":32},"end":{"line":104,"column":44}},{"start":{"line":104,"column":44},"end":{"line":104,"column":null}}],"line":104},"9":{"loc":{"start":{"line":109,"column":2},"end":{"line":115,"column":null}},"type":"if","locations":[{"start":{"line":109,"column":2},"end":{"line":115,"column":null}},{"start":{},"end":{}}],"line":109},"10":{"loc":{"start":{"line":111,"column":4},"end":{"line":113,"column":null}},"type":"if","locations":[{"start":{"line":111,"column":4},"end":{"line":113,"column":null}},{"start":{},"end":{}}],"line":111},"11":{"loc":{"start":{"line":128,"column":29},"end":{"line":128,"column":83}},"type":"cond-expr","locations":[{"start":{"line":128,"column":41},"end":{"line":128,"column":53}},{"start":{"line":128,"column":53},"end":{"line":128,"column":83}}],"line":128},"12":{"loc":{"start":{"line":128,"column":53},"end":{"line":128,"column":83}},"type":"cond-expr","locations":[{"start":{"line":128,"column":64},"end":{"line":128,"column":75}},{"start":{"line":128,"column":75},"end":{"line":128,"column":83}}],"line":128},"13":{"loc":{"start":{"line":133,"column":12},"end":{"line":133,"column":null}},"type":"cond-expr","locations":[{"start":{"line":133,"column":39},"end":{"line":133,"column":51}},{"start":{"line":133,"column":51},"end":{"line":133,"column":null}}],"line":133},"14":{"loc":{"start":{"line":155,"column":6},"end":{"line":155,"column":null}},"type":"if","locations":[{"start":{"line":155,"column":6},"end":{"line":155,"column":null}},{"start":{},"end":{}}],"line":155}},"s":{"0":10,"1":10,"2":0,"3":0,"4":10,"5":10,"6":10,"7":1,"8":1,"9":9,"10":9,"11":9,"12":9,"13":9,"14":36,"15":9,"16":9,"17":5,"18":4,"19":4,"20":1,"21":1,"22":3,"23":3,"24":3,"25":3,"26":3,"27":3,"28":3,"29":0,"30":3,"31":3,"32":3,"33":3,"34":1,"35":1,"36":1,"37":1,"38":1,"39":2,"40":2,"41":2,"42":2,"43":8,"44":2,"45":2,"46":1,"47":0,"48":0,"49":0},"f":{"0":10,"1":36,"2":0,"3":8,"4":0},"b":{"0":[1,9],"1":[18,18],"2":[12,6],"3":[3,6],"4":[5,4],"5":[9,6],"6":[1,3],"7":[3,0],"8":[2,1],"9":[1,2],"10":[1,0],"11":[4,4],"12":[3,1],"13":[1,1],"14":[0,0]},"meta":{"lastBranch":15,"lastFunction":5,"lastStatement":50,"seen":{"f:23:22:23:Infinity":0,"s:28:2:33:Infinity":0,"s:29:4:29:Infinity":1,"s:31:4:31:Infinity":2,"s:32:4:32:Infinity":3,"s:35:21:35:Infinity":4,"s:36:8:36:Infinity":5,"b:38:2:43:Infinity:undefined:undefined:undefined:undefined":0,"s:38:2:43:Infinity":6,"s:39:4:41:Infinity":7,"s:42:4:42:Infinity":8,"s:45:2:45:Infinity":9,"s:46:2:46:Infinity":10,"s:48:17:51:Infinity":11,"s:53:2:53:Infinity":12,"s:55:22:57:Infinity":13,"f:56:9:56:10":1,"s:56:16:56:85":14,"b:56:41:56:53:56:53:56:83":1,"b:56:64:56:75:56:75:56:83":2,"s:59:2:63:Infinity":15,"b:61:31:61:43:61:43:61:Infinity":3,"b:65:2:67:Infinity:undefined:undefined:undefined:undefined":4,"s:65:2:67:Infinity":16,"b:65:6:65:26:65:26:65:40":5,"s:66:4:66:Infinity":17,"s:70:23:70:Infinity":18,"b:71:2:74:Infinity:undefined:undefined:undefined:undefined":6,"s:71:2:74:Infinity":19,"s:72:4:72:Infinity":20,"s:73:4:73:Infinity":21,"s:76:8:79:Infinity":22,"s:81:8:85:Infinity":23,"s:87:2:87:Infinity":24,"b:88:2:88:Infinity:undefined:undefined:undefined:undefined":7,"s:88:2:88:Infinity":25,"s:88:13:88:Infinity":26,"s:90:8:90:Infinity":27,"s:91:20:98:Infinity":28,"f:97:15:97:16":2,"s:97:24:97:Infinity":29,"s:99:2:99:Infinity":30,"s:101:2:101:Infinity":31,"s:102:2:107:Infinity":32,"b:104:32:104:44:104:44:104:Infinity":8,"b:109:2:115:Infinity:undefined:undefined:undefined:undefined":9,"s:109:2:115:Infinity":33,"s:110:4:110:Infinity":34,"b:111:4:113:Infinity:undefined:undefined:undefined:undefined":10,"s:111:4:113:Infinity":35,"s:112:6:112:Infinity":36,"s:112:42:112:Infinity":37,"s:114:4:114:Infinity":38,"s:118:2:118:Infinity":39,"s:120:25:123:Infinity":40,"s:125:2:125:Infinity":41,"s:127:24:129:Infinity":42,"f:128:9:128:10":3,"s:128:16:128:85":43,"b:128:41:128:53:128:53:128:83":11,"b:128:64:128:75:128:75:128:83":12,"s:131:2:135:Infinity":44,"b:133:39:133:51:133:51:133:Infinity":13,"s:137:2:137:Infinity":45,"s:140:29:157:Infinity":46,"f:150:4:150:Infinity":4,"s:154:22:154:Infinity":47,"b:155:6:155:Infinity:undefined:undefined:undefined:undefined":14,"s:155:6:155:Infinity":48,"s:155:20:155:Infinity":49}}}
,"/home/brianba/projects/sandbox/proteus/packages/cli/src/config/global.ts": {"path":"/home/brianba/projects/sandbox/proteus/packages/cli/src/config/global.ts","statementMap":{"0":{"start":{"line":7,"column":6},"end":{"line":7,"column":null}},"1":{"start":{"line":8,"column":6},"end":{"line":8,"column":null}},"2":{"start":{"line":11,"column":2},"end":{"line":11,"column":null}},"3":{"start":{"line":15,"column":2},"end":{"line":15,"column":null}},"4":{"start":{"line":19,"column":2},"end":{"line":21,"column":null}},"5":{"start":{"line":20,"column":4},"end":{"line":20,"column":null}},"6":{"start":{"line":25,"column":2},"end":{"line":50,"column":null}},"7":{"start":{"line":54,"column":2},"end":{"line":56,"column":null}},"8":{"start":{"line":55,"column":4},"end":{"line":55,"column":null}},"9":{"start":{"line":57,"column":18},"end":{"line":57,"column":null}},"10":{"start":{"line":58,"column":2},"end":{"line":58,"column":null}},"11":{"start":{"line":62,"column":2},"end":{"line":62,"column":null}},"12":{"start":{"line":63,"column":2},"end":{"line":63,"column":null}},"13":{"start":{"line":67,"column":2},"end":{"line":67,"column":null}}},"fnMap":{"0":{"name":"getForgeDir","decl":{"start":{"line":10,"column":16},"end":{"line":10,"column":38}},"loc":{"start":{"line":10,"column":38},"end":{"line":12,"column":null}},"line":10},"1":{"name":"getGlobalConfigPath","decl":{"start":{"line":14,"column":16},"end":{"line":14,"column":46}},"loc":{"start":{"line":14,"column":46},"end":{"line":16,"column":null}},"line":14},"2":{"name":"ensureForgeDir","decl":{"start":{"line":18,"column":22},"end":{"line":18,"column":54}},"loc":{"start":{"line":18,"column":54},"end":{"line":22,"column":null}},"line":18},"3":{"name":"getDefaultGlobalConfig","decl":{"start":{"line":24,"column":16},"end":{"line":24,"column":55}},"loc":{"start":{"line":24,"column":55},"end":{"line":51,"column":null}},"line":24},"4":{"name":"readGlobalConfig","decl":{"start":{"line":53,"column":22},"end":{"line":53,"column":71}},"loc":{"start":{"line":53,"column":71},"end":{"line":59,"column":null}},"line":53},"5":{"name":"writeGlobalConfig","decl":{"start":{"line":61,"column":22},"end":{"line":61,"column":40}},"loc":{"start":{"line":61,"column":77},"end":{"line":64,"column":null}},"line":61},"6":{"name":"globalConfigExists","decl":{"start":{"line":66,"column":16},"end":{"line":66,"column":46}},"loc":{"start":{"line":66,"column":46},"end":{"line":68,"column":null}},"line":66}},"branchMap":{"0":{"loc":{"start":{"line":19,"column":2},"end":{"line":21,"column":null}},"type":"if","locations":[{"start":{"line":19,"column":2},"end":{"line":21,"column":null}},{"start":{},"end":{}}],"line":19},"1":{"loc":{"start":{"line":54,"column":2},"end":{"line":56,"column":null}},"type":"if","locations":[{"start":{"line":54,"column":2},"end":{"line":56,"column":null}},{"start":{},"end":{}}],"line":54}},"s":{"0":1,"1":1,"2":0,"3":0,"4":0,"5":0,"6":6,"7":0,"8":0,"9":0,"10":0,"11":0,"12":0,"13":0},"f":{"0":0,"1":0,"2":0,"3":6,"4":0,"5":0,"6":0},"b":{"0":[0,0],"1":[0,0]},"meta":{"lastBranch":2,"lastFunction":7,"lastStatement":14,"seen":{"s:7:6:7:Infinity":0,"s:8:6:8:Infinity":1,"f:10:16:10:38":0,"s:11:2:11:Infinity":2,"f:14:16:14:46":1,"s:15:2:15:Infinity":3,"f:18:22:18:54":2,"b:19:2:21:Infinity:undefined:undefined:undefined:undefined":0,"s:19:2:21:Infinity":4,"s:20:4:20:Infinity":5,"f:24:16:24:55":3,"s:25:2:50:Infinity":6,"f:53:22:53:71":4,"b:54:2:56:Infinity:undefined:undefined:undefined:undefined":1,"s:54:2:56:Infinity":7,"s:55:4:55:Infinity":8,"s:57:18:57:Infinity":9,"s:58:2:58:Infinity":10,"f:61:22:61:40":5,"s:62:2:62:Infinity":11,"s:63:2:63:Infinity":12,"f:66:16:66:46":6,"s:67:2:67:Infinity":13}}}
,"/home/brianba/projects/sandbox/proteus/packages/cli/src/config/project.ts": {"path":"/home/brianba/projects/sandbox/proteus/packages/cli/src/config/project.ts","statementMap":{"0":{"start":{"line":7,"column":2},"end":{"line":7,"column":null}},"1":{"start":{"line":11,"column":2},"end":{"line":11,"column":null}},"2":{"start":{"line":15,"column":19},"end":{"line":15,"column":null}},"3":{"start":{"line":16,"column":2},"end":{"line":18,"column":null}},"4":{"start":{"line":17,"column":4},"end":{"line":17,"column":null}},"5":{"start":{"line":24,"column":21},"end":{"line":24,"column":null}},"6":{"start":{"line":25,"column":2},"end":{"line":27,"column":null}},"7":{"start":{"line":26,"column":4},"end":{"line":26,"column":null}},"8":{"start":{"line":28,"column":18},"end":{"line":28,"column":null}},"9":{"start":{"line":29,"column":2},"end":{"line":29,"column":null}},"10":{"start":{"line":36,"column":2},"end":{"line":36,"column":null}},"11":{"start":{"line":37,"column":21},"end":{"line":37,"column":null}},"12":{"start":{"line":38,"column":2},"end":{"line":38,"column":null}},"13":{"start":{"line":45,"column":2},"end":{"line":52,"column":null}}},"fnMap":{"0":{"name":"getProjectForgeDir","decl":{"start":{"line":6,"column":16},"end":{"line":6,"column":35}},"loc":{"start":{"line":6,"column":63},"end":{"line":8,"column":null}},"line":6},"1":{"name":"getProjectConfigPath","decl":{"start":{"line":10,"column":16},"end":{"line":10,"column":37}},"loc":{"start":{"line":10,"column":65},"end":{"line":12,"column":null}},"line":10},"2":{"name":"ensureProjectDir","decl":{"start":{"line":14,"column":22},"end":{"line":14,"column":39}},"loc":{"start":{"line":14,"column":74},"end":{"line":19,"column":null}},"line":14},"3":{"name":"readProjectConfig","decl":{"start":{"line":21,"column":22},"end":{"line":21,"column":null}},"loc":{"start":{"line":23,"column":33},"end":{"line":30,"column":null}},"line":23},"4":{"name":"writeProjectConfig","decl":{"start":{"line":32,"column":22},"end":{"line":32,"column":null}},"loc":{"start":{"line":35,"column":17},"end":{"line":39,"column":null}},"line":35},"5":{"name":"createProjectConfig","decl":{"start":{"line":41,"column":16},"end":{"line":41,"column":null}},"loc":{"start":{"line":44,"column":17},"end":{"line":53,"column":null}},"line":44}},"branchMap":{"0":{"loc":{"start":{"line":16,"column":2},"end":{"line":18,"column":null}},"type":"if","locations":[{"start":{"line":16,"column":2},"end":{"line":18,"column":null}},{"start":{},"end":{}}],"line":16},"1":{"loc":{"start":{"line":25,"column":2},"end":{"line":27,"column":null}},"type":"if","locations":[{"start":{"line":25,"column":2},"end":{"line":27,"column":null}},{"start":{},"end":{}}],"line":25}},"s":{"0":47,"1":4,"2":43,"3":43,"4":13,"5":2,"6":2,"7":1,"8":1,"9":1,"10":1,"11":1,"12":1,"13":2},"f":{"0":47,"1":4,"2":43,"3":2,"4":1,"5":2},"b":{"0":[13,30],"1":[1,1]},"meta":{"lastBranch":2,"lastFunction":6,"lastStatement":14,"seen":{"f:6:16:6:35":0,"s:7:2:7:Infinity":0,"f:10:16:10:37":1,"s:11:2:11:Infinity":1,"f:14:22:14:39":2,"s:15:19:15:Infinity":2,"b:16:2:18:Infinity:undefined:undefined:undefined:undefined":0,"s:16:2:18:Infinity":3,"s:17:4:17:Infinity":4,"f:21:22:21:Infinity":3,"s:24:21:24:Infinity":5,"b:25:2:27:Infinity:undefined:undefined:undefined:undefined":1,"s:25:2:27:Infinity":6,"s:26:4:26:Infinity":7,"s:28:18:28:Infinity":8,"s:29:2:29:Infinity":9,"f:32:22:32:Infinity":4,"s:36:2:36:Infinity":10,"s:37:21:37:Infinity":11,"s:38:2:38:Infinity":12,"f:41:16:41:Infinity":5,"s:45:2:52:Infinity":13}}}
,"/home/brianba/projects/sandbox/proteus/packages/cli/src/prompts/design.ts": {"path":"/home/brianba/projects/sandbox/proteus/packages/cli/src/prompts/design.ts","statementMap":{"0":{"start":{"line":16,"column":23},"end":{"line":29,"column":null}},"1":{"start":{"line":31,"column":8},"end":{"line":31,"column":null}},"2":{"start":{"line":32,"column":31},"end":{"line":34,"column":null}},"3":{"start":{"line":36,"column":33},"end":{"line":39,"column":null}},"4":{"start":{"line":41,"column":2},"end":{"line":220,"column":null}}},"fnMap":{"0":{"name":"generateDesignLeadPrompt","decl":{"start":{"line":11,"column":16},"end":{"line":11,"column":null}},"loc":{"start":{"line":15,"column":10},"end":{"line":224,"column":null}},"line":15}},"branchMap":{"0":{"loc":{"start":{"line":16,"column":23},"end":{"line":29,"column":null}},"type":"cond-expr","locations":[{"start":{"line":17,"column":6},"end":{"line":22,"column":null}},{"start":{"line":29,"column":6},"end":{"line":29,"column":null}}],"line":16},"1":{"loc":{"start":{"line":32,"column":31},"end":{"line":34,"column":null}},"type":"cond-expr","locations":[{"start":{"line":33,"column":6},"end":{"line":33,"column":null}},{"start":{"line":34,"column":6},"end":{"line":34,"column":null}}],"line":32},"2":{"loc":{"start":{"line":36,"column":33},"end":{"line":39,"column":null}},"type":"cond-expr","locations":[{"start":{"line":37,"column":6},"end":{"line":37,"column":null}},{"start":{"line":39,"column":6},"end":{"line":39,"column":null}}],"line":36},"3":{"loc":{"start":{"line":56,"column":38},"end":{"line":56,"column":80}},"type":"cond-expr","locations":[{"start":{"line":56,"column":57},"end":{"line":56,"column":78}},{"start":{"line":56,"column":78},"end":{"line":56,"column":80}}],"line":56}},"s":{"0":17,"1":17,"2":17,"3":17,"4":17},"f":{"0":17},"b":{"0":[3,14],"1":[1,16],"2":[1,16],"3":[1,16]},"meta":{"lastBranch":4,"lastFunction":1,"lastStatement":5,"seen":{"f:11:16:11:Infinity":0,"s:16:23:29:Infinity":0,"b:17:6:22:Infinity:29:6:29:Infinity":0,"s:31:8:31:Infinity":1,"s:32:31:34:Infinity":2,"b:33:6:33:Infinity:34:6:34:Infinity":1,"s:36:33:39:Infinity":3,"b:37:6:37:Infinity:39:6:39:Infinity":2,"s:41:2:220:Infinity":4,"b:56:57:56:78:56:78:56:80":3}}}
,"/home/brianba/projects/sandbox/proteus/packages/cli/src/prompts/execute.ts": {"path":"/home/brianba/projects/sandbox/proteus/packages/cli/src/prompts/execute.ts","statementMap":{"0":{"start":{"line":50,"column":8},"end":{"line":50,"column":null}},"1":{"start":{"line":51,"column":8},"end":{"line":51,"column":null}},"2":{"start":{"line":54,"column":19},"end":{"line":56,"column":null}},"3":{"start":{"line":57,"column":26},"end":{"line":57,"column":null}},"4":{"start":{"line":60,"column":23},"end":{"line":60,"column":null}},"5":{"start":{"line":61,"column":2},"end":{"line":69,"column":null}},"6":{"start":{"line":62,"column":10},"end":{"line":62,"column":null}},"7":{"start":{"line":63,"column":4},"end":{"line":68,"column":null}},"8":{"start":{"line":64,"column":21},"end":{"line":66,"column":null}},"9":{"start":{"line":67,"column":6},"end":{"line":67,"column":null}},"10":{"start":{"line":72,"column":15},"end":{"line":72,"column":null}},"11":{"start":{"line":73,"column":28},"end":{"line":73,"column":null}},"12":{"start":{"line":74,"column":28},"end":{"line":74,"column":null}},"13":{"start":{"line":76,"column":2},"end":{"line":76,"column":null}},"14":{"start":{"line":87,"column":8},"end":{"line":87,"column":null}},"15":{"start":{"line":90,"column":22},"end":{"line":95,"column":null}},"16":{"start":{"line":93,"column":8},"end":{"line":93,"column":null}},"17":{"start":{"line":98,"column":25},"end":{"line":119,"column":null}},"18":{"start":{"line":99,"column":19},"end":{"line":99,"column":44}},"19":{"start":{"line":101,"column":21},"end":{"line":101,"column":null}},"20":{"start":{"line":102,"column":22},"end":{"line":102,"column":null}},"21":{"start":{"line":103,"column":22},"end":{"line":103,"column":null}},"22":{"start":{"line":104,"column":22},"end":{"line":108,"column":null}},"23":{"start":{"line":106,"column":35},"end":{"line":106,"column":68}},"24":{"start":{"line":110,"column":6},"end":{"line":117,"column":null}},"25":{"start":{"line":122,"column":22},"end":{"line":122,"column":null}},"26":{"start":{"line":123,"column":22},"end":{"line":133,"column":null}},"27":{"start":{"line":130,"column":25},"end":{"line":130,"column":58}},"28":{"start":{"line":135,"column":27},"end":{"line":137,"column":null}},"29":{"start":{"line":139,"column":32},"end":{"line":141,"column":null}},"30":{"start":{"line":143,"column":2},"end":{"line":257,"column":null}}},"fnMap":{"0":{"name":"loadExecuteContext","decl":{"start":{"line":47,"column":22},"end":{"line":47,"column":null}},"loc":{"start":{"line":49,"column":27},"end":{"line":77,"column":null}},"line":49},"1":{"name":"generateExecuteLeadPrompt","decl":{"start":{"line":82,"column":16},"end":{"line":82,"column":null}},"loc":{"start":{"line":86,"column":10},"end":{"line":260,"column":null}},"line":86},"2":{"name":"(anonymous_2)","decl":{"start":{"line":92,"column":6},"end":{"line":92,"column":7}},"loc":{"start":{"line":93,"column":8},"end":{"line":93,"column":null}},"line":93},"3":{"name":"(anonymous_3)","decl":{"start":{"line":99,"column":12},"end":{"line":99,"column":13}},"loc":{"start":{"line":99,"column":19},"end":{"line":99,"column":44}},"line":99},"4":{"name":"(anonymous_4)","decl":{"start":{"line":100,"column":9},"end":{"line":100,"column":10}},"loc":{"start":{"line":100,"column":20},"end":{"line":118,"column":5}},"line":100},"5":{"name":"(anonymous_5)","decl":{"start":{"line":106,"column":17},"end":{"line":106,"column":18}},"loc":{"start":{"line":106,"column":35},"end":{"line":106,"column":68}},"line":106},"6":{"name":"(anonymous_6)","decl":{"start":{"line":130,"column":7},"end":{"line":130,"column":8}},"loc":{"start":{"line":130,"column":25},"end":{"line":130,"column":58}},"line":130}},"branchMap":{"0":{"loc":{"start":{"line":57,"column":26},"end":{"line":57,"column":null}},"type":"binary-expr","locations":[{"start":{"line":57,"column":26},"end":{"line":57,"column":45}},{"start":{"line":57,"column":45},"end":{"line":57,"column":null}}],"line":57},"1":{"loc":{"start":{"line":63,"column":4},"end":{"line":68,"column":null}},"type":"if","locations":[{"start":{"line":63,"column":4},"end":{"line":68,"column":null}},{"start":{},"end":{}}],"line":63},"2":{"loc":{"start":{"line":73,"column":28},"end":{"line":73,"column":null}},"type":"binary-expr","locations":[{"start":{"line":73,"column":28},"end":{"line":73,"column":42}},{"start":{"line":73,"column":42},"end":{"line":73,"column":null}}],"line":73},"3":{"loc":{"start":{"line":74,"column":28},"end":{"line":74,"column":null}},"type":"binary-expr","locations":[{"start":{"line":74,"column":28},"end":{"line":74,"column":59}},{"start":{"line":74,"column":59},"end":{"line":74,"column":null}}],"line":74},"4":{"loc":{"start":{"line":102,"column":22},"end":{"line":102,"column":null}},"type":"binary-expr","locations":[{"start":{"line":102,"column":22},"end":{"line":102,"column":39}},{"start":{"line":102,"column":39},"end":{"line":102,"column":null}}],"line":102},"5":{"loc":{"start":{"line":104,"column":22},"end":{"line":108,"column":null}},"type":"cond-expr","locations":[{"start":{"line":105,"column":10},"end":{"line":107,"column":null}},{"start":{"line":108,"column":10},"end":{"line":108,"column":null}}],"line":104},"6":{"loc":{"start":{"line":113,"column":9},"end":{"line":113,"column":45}},"type":"binary-expr","locations":[{"start":{"line":113,"column":9},"end":{"line":113,"column":33}},{"start":{"line":113,"column":33},"end":{"line":113,"column":45}}],"line":113},"7":{"loc":{"start":{"line":114,"column":12},"end":{"line":114,"column":50}},"type":"binary-expr","locations":[{"start":{"line":114,"column":12},"end":{"line":114,"column":45}},{"start":{"line":114,"column":45},"end":{"line":114,"column":50}}],"line":114},"8":{"loc":{"start":{"line":115,"column":12},"end":{"line":115,"column":44}},"type":"binary-expr","locations":[{"start":{"line":115,"column":12},"end":{"line":115,"column":39}},{"start":{"line":115,"column":39},"end":{"line":115,"column":44}}],"line":115},"9":{"loc":{"start":{"line":123,"column":22},"end":{"line":133,"column":null}},"type":"cond-expr","locations":[{"start":{"line":124,"column":6},"end":{"line":131,"column":null}},{"start":{"line":133,"column":6},"end":{"line":133,"column":null}}],"line":123},"10":{"loc":{"start":{"line":129,"column":17},"end":{"line":129,"column":60}},"type":"binary-expr","locations":[{"start":{"line":129,"column":17},"end":{"line":129,"column":58}},{"start":{"line":129,"column":58},"end":{"line":129,"column":60}}],"line":129},"11":{"loc":{"start":{"line":135,"column":27},"end":{"line":137,"column":null}},"type":"cond-expr","locations":[{"start":{"line":136,"column":6},"end":{"line":136,"column":null}},{"start":{"line":137,"column":6},"end":{"line":137,"column":null}}],"line":135},"12":{"loc":{"start":{"line":139,"column":32},"end":{"line":141,"column":null}},"type":"cond-expr","locations":[{"start":{"line":140,"column":6},"end":{"line":140,"column":null}},{"start":{"line":141,"column":6},"end":{"line":141,"column":null}}],"line":139}},"s":{"0":0,"1":0,"2":0,"3":0,"4":0,"5":0,"6":0,"7":0,"8":0,"9":0,"10":0,"11":0,"12":0,"13":0,"14":23,"15":23,"16":92,"17":23,"18":69,"19":46,"20":46,"21":46,"22":46,"23":69,"24":46,"25":23,"26":23,"27":23,"28":23,"29":23,"30":23},"f":{"0":0,"1":23,"2":92,"3":69,"4":46,"5":69,"6":23},"b":{"0":[0,0],"1":[0,0],"2":[0,0],"3":[0,0],"4":[46,0],"5":[46,0],"6":[46,0],"7":[46,0],"8":[46,0],"9":[23,0],"10":[23,0],"11":[1,22],"12":[1,22]},"meta":{"lastBranch":13,"lastFunction":7,"lastStatement":31,"seen":{"f:47:22:47:Infinity":0,"s:50:8:50:Infinity":0,"s:51:8:51:Infinity":1,"s:54:19:56:Infinity":2,"s:57:26:57:Infinity":3,"b:57:26:57:45:57:45:57:Infinity":0,"s:60:23:60:Infinity":4,"s:61:2:69:Infinity":5,"s:62:10:62:Infinity":6,"b:63:4:68:Infinity:undefined:undefined:undefined:undefined":1,"s:63:4:68:Infinity":7,"s:64:21:66:Infinity":8,"s:67:6:67:Infinity":9,"s:72:15:72:Infinity":10,"s:73:28:73:Infinity":11,"b:73:28:73:42:73:42:73:Infinity":2,"s:74:28:74:Infinity":12,"b:74:28:74:59:74:59:74:Infinity":3,"s:76:2:76:Infinity":13,"f:82:16:82:Infinity":1,"s:87:8:87:Infinity":14,"s:90:22:95:Infinity":15,"f:92:6:92:7":2,"s:93:8:93:Infinity":16,"s:98:25:119:Infinity":17,"f:99:12:99:13":3,"s:99:19:99:44":18,"f:100:9:100:10":4,"s:101:21:101:Infinity":19,"s:102:22:102:Infinity":20,"b:102:22:102:39:102:39:102:Infinity":4,"s:103:22:103:Infinity":21,"s:104:22:108:Infinity":22,"b:105:10:107:Infinity:108:10:108:Infinity":5,"f:106:17:106:18":5,"s:106:35:106:68":23,"s:110:6:117:Infinity":24,"b:113:9:113:33:113:33:113:45":6,"b:114:12:114:45:114:45:114:50":7,"b:115:12:115:39:115:39:115:44":8,"s:122:22:122:Infinity":25,"s:123:22:133:Infinity":26,"b:124:6:131:Infinity:133:6:133:Infinity":9,"b:129:17:129:58:129:58:129:60":10,"f:130:7:130:8":6,"s:130:25:130:58":27,"s:135:27:137:Infinity":28,"b:136:6:136:Infinity:137:6:137:Infinity":11,"s:139:32:141:Infinity":29,"b:140:6:140:Infinity:141:6:141:Infinity":12,"s:143:2:257:Infinity":30}}}
,"/home/brianba/projects/sandbox/proteus/packages/cli/src/prompts/inspect.ts": {"path":"/home/brianba/projects/sandbox/proteus/packages/cli/src/prompts/inspect.ts","statementMap":{"0":{"start":{"line":13,"column":2},"end":{"line":206,"column":null}}},"fnMap":{"0":{"name":"generateInspectLeadPrompt","decl":{"start":{"line":9,"column":16},"end":{"line":9,"column":null}},"loc":{"start":{"line":12,"column":10},"end":{"line":211,"column":null}},"line":12}},"branchMap":{},"s":{"0":13},"f":{"0":13},"b":{},"meta":{"lastBranch":0,"lastFunction":1,"lastStatement":1,"seen":{"f:9:16:9:Infinity":0,"s:13:2:206:Infinity":0}}}
,"/home/brianba/projects/sandbox/proteus/packages/cli/src/prompts/plan.ts": {"path":"/home/brianba/projects/sandbox/proteus/packages/cli/src/prompts/plan.ts","statementMap":{"0":{"start":{"line":11,"column":8},"end":{"line":11,"column":null}},"1":{"start":{"line":12,"column":21},"end":{"line":14,"column":null}},"2":{"start":{"line":15,"column":21},"end":{"line":20,"column":null}},"3":{"start":{"line":22,"column":2},"end":{"line":162,"column":null}}},"fnMap":{"0":{"name":"generatePlanLeadPrompt","decl":{"start":{"line":7,"column":16},"end":{"line":7,"column":null}},"loc":{"start":{"line":10,"column":10},"end":{"line":164,"column":null}},"line":10}},"branchMap":{"0":{"loc":{"start":{"line":12,"column":21},"end":{"line":14,"column":null}},"type":"cond-expr","locations":[{"start":{"line":13,"column":6},"end":{"line":13,"column":null}},{"start":{"line":14,"column":6},"end":{"line":14,"column":null}}],"line":12},"1":{"loc":{"start":{"line":15,"column":21},"end":{"line":20,"column":null}},"type":"cond-expr","locations":[{"start":{"line":16,"column":6},"end":{"line":16,"column":null}},{"start":{"line":20,"column":6},"end":{"line":20,"column":null}}],"line":15}},"s":{"0":14,"1":14,"2":14,"3":14},"f":{"0":14},"b":{"0":[1,13],"1":[1,13]},"meta":{"lastBranch":2,"lastFunction":1,"lastStatement":4,"seen":{"f:7:16:7:Infinity":0,"s:11:8:11:Infinity":0,"s:12:21:14:Infinity":1,"b:13:6:13:Infinity:14:6:14:Infinity":0,"s:15:21:20:Infinity":2,"b:16:6:16:Infinity:20:6:20:Infinity":1,"s:22:2:162:Infinity":3}}}
,"/home/brianba/projects/sandbox/proteus/packages/cli/src/prompts/split.ts": {"path":"/home/brianba/projects/sandbox/proteus/packages/cli/src/prompts/split.ts","statementMap":{"0":{"start":{"line":10,"column":8},"end":{"line":10,"column":null}},"1":{"start":{"line":11,"column":31},"end":{"line":13,"column":null}},"2":{"start":{"line":15,"column":2},"end":{"line":139,"column":null}}},"fnMap":{"0":{"name":"generateSplitLeadPrompt","decl":{"start":{"line":7,"column":16},"end":{"line":7,"column":null}},"loc":{"start":{"line":9,"column":10},"end":{"line":141,"column":null}},"line":9}},"branchMap":{"0":{"loc":{"start":{"line":11,"column":31},"end":{"line":13,"column":null}},"type":"cond-expr","locations":[{"start":{"line":12,"column":6},"end":{"line":12,"column":null}},{"start":{"line":13,"column":6},"end":{"line":13,"column":null}}],"line":11}},"s":{"0":13,"1":13,"2":13},"f":{"0":13},"b":{"0":[1,12]},"meta":{"lastBranch":1,"lastFunction":1,"lastStatement":3,"seen":{"f:7:16:7:Infinity":0,"s:10:8:10:Infinity":0,"s:11:31:13:Infinity":1,"b:12:6:12:Infinity:13:6:13:Infinity":0,"s:15:2:139:Infinity":2}}}
,"/home/brianba/projects/sandbox/proteus/packages/cli/src/prompts/style.ts": {"path":"/home/brianba/projects/sandbox/proteus/packages/cli/src/prompts/style.ts","statementMap":{"0":{"start":{"line":9,"column":2},"end":{"line":197,"column":null}}},"fnMap":{"0":{"name":"generateStyleLeadPrompt","decl":{"start":{"line":5,"column":16},"end":{"line":5,"column":null}},"loc":{"start":{"line":8,"column":10},"end":{"line":199,"column":null}},"line":8}},"branchMap":{},"s":{"0":13},"f":{"0":13},"b":{},"meta":{"lastBranch":0,"lastFunction":1,"lastStatement":1,"seen":{"f:5:16:5:Infinity":0,"s:9:2:197:Infinity":0}}}
,"/home/brianba/projects/sandbox/proteus/packages/cli/src/prompts/verify-fix.ts": {"path":"/home/brianba/projects/sandbox/proteus/packages/cli/src/prompts/verify-fix.ts","statementMap":{"0":{"start":{"line":10,"column":25},"end":{"line":10,"column":null}},"1":{"start":{"line":13,"column":2},"end":{"line":13,"column":null}},"2":{"start":{"line":13,"column":15},"end":{"line":13,"column":null}},"3":{"start":{"line":14,"column":16},"end":{"line":14,"column":null}},"4":{"start":{"line":15,"column":2},"end":{"line":15,"column":null}},"5":{"start":{"line":15,"column":40},"end":{"line":15,"column":null}},"6":{"start":{"line":16,"column":2},"end":{"line":16,"column":null}},"7":{"start":{"line":20,"column":2},"end":{"line":27,"column":null}},"8":{"start":{"line":21,"column":19},"end":{"line":21,"column":42}},"9":{"start":{"line":22,"column":17},"end":{"line":27,"column":6}},"10":{"start":{"line":40,"column":22},"end":{"line":40,"column":null}},"11":{"start":{"line":42,"column":25},"end":{"line":53,"column":null}},"12":{"start":{"line":45,"column":8},"end":{"line":50,"column":null}},"13":{"start":{"line":55,"column":2},"end":{"line":84,"column":null}},"14":{"start":{"line":74,"column":25},"end":{"line":74,"column":68}}},"fnMap":{"0":{"name":"truncateOutput","decl":{"start":{"line":12,"column":9},"end":{"line":12,"column":24}},"loc":{"start":{"line":12,"column":60},"end":{"line":17,"column":null}},"line":12},"1":{"name":"extractFailedSteps","decl":{"start":{"line":19,"column":9},"end":{"line":19,"column":28}},"loc":{"start":{"line":19,"column":63},"end":{"line":28,"column":null}},"line":19},"2":{"name":"(anonymous_2)","decl":{"start":{"line":21,"column":12},"end":{"line":21,"column":13}},"loc":{"start":{"line":21,"column":19},"end":{"line":21,"column":42}},"line":21},"3":{"name":"(anonymous_3)","decl":{"start":{"line":22,"column":9},"end":{"line":22,"column":10}},"loc":{"start":{"line":22,"column":17},"end":{"line":27,"column":6}},"line":22},"4":{"name":"generateVerifyFixPrompt","decl":{"start":{"line":35,"column":16},"end":{"line":35,"column":null}},"loc":{"start":{"line":39,"column":10},"end":{"line":86,"column":null}},"line":39},"5":{"name":"(anonymous_5)","decl":{"start":{"line":44,"column":6},"end":{"line":44,"column":7}},"loc":{"start":{"line":45,"column":8},"end":{"line":50,"column":null}},"line":45},"6":{"name":"(anonymous_6)","decl":{"start":{"line":74,"column":18},"end":{"line":74,"column":19}},"loc":{"start":{"line":74,"column":25},"end":{"line":74,"column":68}},"line":74}},"branchMap":{"0":{"loc":{"start":{"line":13,"column":2},"end":{"line":13,"column":null}},"type":"if","locations":[{"start":{"line":13,"column":2},"end":{"line":13,"column":null}},{"start":{},"end":{}}],"line":13},"1":{"loc":{"start":{"line":15,"column":2},"end":{"line":15,"column":null}},"type":"if","locations":[{"start":{"line":15,"column":2},"end":{"line":15,"column":null}},{"start":{},"end":{}}],"line":15},"2":{"loc":{"start":{"line":21,"column":19},"end":{"line":21,"column":42}},"type":"binary-expr","locations":[{"start":{"line":21,"column":19},"end":{"line":21,"column":33}},{"start":{"line":21,"column":33},"end":{"line":21,"column":42}}],"line":21}},"s":{"0":2,"1":25,"2":1,"3":24,"4":24,"5":23,"6":1,"7":15,"8":54,"9":25,"10":15,"11":15,"12":25,"13":15,"14":25},"f":{"0":25,"1":15,"2":54,"3":25,"4":15,"5":25,"6":25},"b":{"0":[1,24],"1":[23,1],"2":[54,38]},"meta":{"lastBranch":3,"lastFunction":7,"lastStatement":15,"seen":{"s:10:25:10:Infinity":0,"f:12:9:12:24":0,"b:13:2:13:Infinity:undefined:undefined:undefined:undefined":0,"s:13:2:13:Infinity":1,"s:13:15:13:Infinity":2,"s:14:16:14:Infinity":3,"b:15:2:15:Infinity:undefined:undefined:undefined:undefined":1,"s:15:2:15:Infinity":4,"s:15:40:15:Infinity":5,"s:16:2:16:Infinity":6,"f:19:9:19:28":1,"s:20:2:27:Infinity":7,"f:21:12:21:13":2,"s:21:19:21:42":8,"b:21:19:21:33:21:33:21:42":2,"f:22:9:22:10":3,"s:22:17:27:6":9,"f:35:16:35:Infinity":4,"s:40:22:40:Infinity":10,"s:42:25:53:Infinity":11,"f:44:6:44:7":5,"s:45:8:50:Infinity":12,"s:55:2:84:Infinity":13,"f:74:18:74:19":6,"s:74:25:74:68":14}}}
,"/home/brianba/projects/sandbox/proteus/packages/cli/src/utils/ansi.ts": {"path":"/home/brianba/projects/sandbox/proteus/packages/cli/src/utils/ansi.ts","statementMap":{"0":{"start":{"line":4,"column":28},"end":{"line":13,"column":null}},"1":{"start":{"line":15,"column":21},"end":{"line":15,"column":null}},"2":{"start":{"line":16,"column":20},"end":{"line":16,"column":null}},"3":{"start":{"line":17,"column":19},"end":{"line":17,"column":null}},"4":{"start":{"line":18,"column":27},"end":{"line":18,"column":null}}},"fnMap":{},"branchMap":{},"s":{"0":3,"1":3,"2":3,"3":3,"4":3},"f":{},"b":{},"meta":{"lastBranch":0,"lastFunction":0,"lastStatement":5,"seen":{"s:4:28:13:Infinity":0,"s:15:21:15:Infinity":1,"s:16:20:16:Infinity":2,"s:17:19:17:Infinity":3,"s:18:27:18:Infinity":4}}}
,"/home/brianba/projects/sandbox/proteus/packages/cli/src/utils/api-key.ts": {"path":"/home/brianba/projects/sandbox/proteus/packages/cli/src/utils/api-key.ts","statementMap":{"0":{"start":{"line":8,"column":17},"end":{"line":8,"column":null}},"1":{"start":{"line":9,"column":17},"end":{"line":9,"column":null}},"2":{"start":{"line":10,"column":2},"end":{"line":10,"column":null}},"3":{"start":{"line":10,"column":15},"end":{"line":10,"column":null}},"4":{"start":{"line":11,"column":2},"end":{"line":11,"column":null}},"5":{"start":{"line":11,"column":30},"end":{"line":11,"column":null}},"6":{"start":{"line":12,"column":2},"end":{"line":12,"column":null}}},"fnMap":{"0":{"name":"resolveApiKey","decl":{"start":{"line":7,"column":22},"end":{"line":7,"column":67}},"loc":{"start":{"line":7,"column":67},"end":{"line":13,"column":null}},"line":7}},"branchMap":{"0":{"loc":{"start":{"line":10,"column":2},"end":{"line":10,"column":null}},"type":"if","locations":[{"start":{"line":10,"column":2},"end":{"line":10,"column":null}},{"start":{},"end":{}}],"line":10},"1":{"loc":{"start":{"line":11,"column":2},"end":{"line":11,"column":null}},"type":"if","locations":[{"start":{"line":11,"column":2},"end":{"line":11,"column":null}},{"start":{},"end":{}}],"line":11}},"s":{"0":4,"1":4,"2":4,"3":2,"4":2,"5":1,"6":1},"f":{"0":4},"b":{"0":[2,2],"1":[1,1]},"meta":{"lastBranch":2,"lastFunction":1,"lastStatement":7,"seen":{"f:7:22:7:67":0,"s:8:17:8:Infinity":0,"s:9:17:9:Infinity":1,"b:10:2:10:Infinity:undefined:undefined:undefined:undefined":0,"s:10:2:10:Infinity":2,"s:10:15:10:Infinity":3,"b:11:2:11:Infinity:undefined:undefined:undefined:undefined":1,"s:11:2:11:Infinity":4,"s:11:30:11:Infinity":5,"s:12:2:12:Infinity":6}}}
,"/home/brianba/projects/sandbox/proteus/packages/cli/src/utils/costs.ts": {"path":"/home/brianba/projects/sandbox/proteus/packages/cli/src/utils/costs.ts","statementMap":{"0":{"start":{"line":8,"column":2},"end":{"line":8,"column":null}},"1":{"start":{"line":12,"column":20},"end":{"line":12,"column":null}},"2":{"start":{"line":13,"column":2},"end":{"line":15,"column":null}},"3":{"start":{"line":14,"column":4},"end":{"line":14,"column":null}},"4":{"start":{"line":16,"column":18},"end":{"line":16,"column":null}},"5":{"start":{"line":17,"column":2},"end":{"line":17,"column":null}},"6":{"start":{"line":25,"column":2},"end":{"line":25,"column":null}},"7":{"start":{"line":26,"column":16},"end":{"line":26,"column":null}},"8":{"start":{"line":27,"column":2},"end":{"line":27,"column":null}},"9":{"start":{"line":28,"column":2},"end":{"line":31,"column":null}},"10":{"start":{"line":29,"column":16},"end":{"line":29,"column":null}},"11":{"start":{"line":32,"column":2},"end":{"line":32,"column":null}},"12":{"start":{"line":39,"column":20},"end":{"line":39,"column":null}},"13":{"start":{"line":40,"column":2},"end":{"line":40,"column":null}},"14":{"start":{"line":40,"column":30},"end":{"line":40,"column":null}},"15":{"start":{"line":42,"column":16},"end":{"line":42,"column":null}},"16":{"start":{"line":43,"column":2},"end":{"line":45,"column":null}},"17":{"start":{"line":44,"column":4},"end":{"line":44,"column":null}},"18":{"start":{"line":46,"column":2},"end":{"line":49,"column":null}},"19":{"start":{"line":47,"column":16},"end":{"line":47,"column":null}},"20":{"start":{"line":50,"column":2},"end":{"line":50,"column":null}}},"fnMap":{"0":{"name":"getCostsPath","decl":{"start":{"line":7,"column":9},"end":{"line":7,"column":22}},"loc":{"start":{"line":7,"column":50},"end":{"line":9,"column":null}},"line":7},"1":{"name":"readCosts","decl":{"start":{"line":11,"column":22},"end":{"line":11,"column":32}},"loc":{"start":{"line":11,"column":75},"end":{"line":18,"column":null}},"line":11},"2":{"name":"appendCostEntry","decl":{"start":{"line":20,"column":22},"end":{"line":20,"column":null}},"loc":{"start":{"line":24,"column":17},"end":{"line":33,"column":null}},"line":24},"3":{"name":"(anonymous_3)","decl":{"start":{"line":29,"column":4},"end":{"line":29,"column":5}},"loc":{"start":{"line":29,"column":16},"end":{"line":29,"column":null}},"line":29},"4":{"name":"removeCostEntries","decl":{"start":{"line":35,"column":22},"end":{"line":35,"column":null}},"loc":{"start":{"line":38,"column":17},"end":{"line":51,"column":null}},"line":38},"5":{"name":"(anonymous_5)","decl":{"start":{"line":47,"column":4},"end":{"line":47,"column":5}},"loc":{"start":{"line":47,"column":16},"end":{"line":47,"column":null}},"line":47}},"branchMap":{"0":{"loc":{"start":{"line":13,"column":2},"end":{"line":15,"column":null}},"type":"if","locations":[{"start":{"line":13,"column":2},"end":{"line":15,"column":null}},{"start":{},"end":{}}],"line":13},"1":{"loc":{"start":{"line":40,"column":2},"end":{"line":40,"column":null}},"type":"if","locations":[{"start":{"line":40,"column":2},"end":{"line":40,"column":null}},{"start":{},"end":{}}],"line":40}},"s":{"0":51,"1":26,"2":26,"3":8,"4":18,"5":18,"6":12,"7":12,"8":12,"9":12,"10":17,"11":12,"12":13,"13":13,"14":7,"15":6,"16":6,"17":10,"18":6,"19":5,"20":6},"f":{"0":51,"1":26,"2":12,"3":17,"4":13,"5":5},"b":{"0":[8,18],"1":[7,6]},"meta":{"lastBranch":2,"lastFunction":6,"lastStatement":21,"seen":{"f:7:9:7:22":0,"s:8:2:8:Infinity":0,"f:11:22:11:32":1,"s:12:20:12:Infinity":1,"b:13:2:15:Infinity:undefined:undefined:undefined:undefined":0,"s:13:2:15:Infinity":2,"s:14:4:14:Infinity":3,"s:16:18:16:Infinity":4,"s:17:2:17:Infinity":5,"f:20:22:20:Infinity":2,"s:25:2:25:Infinity":6,"s:26:16:26:Infinity":7,"s:27:2:27:Infinity":8,"s:28:2:31:Infinity":9,"f:29:4:29:5":3,"s:29:16:29:Infinity":10,"s:32:2:32:Infinity":11,"f:35:22:35:Infinity":4,"s:39:20:39:Infinity":12,"b:40:2:40:Infinity:undefined:undefined:undefined:undefined":1,"s:40:2:40:Infinity":13,"s:40:30:40:Infinity":14,"s:42:16:42:Infinity":15,"s:43:2:45:Infinity":16,"s:44:4:44:Infinity":17,"s:46:2:49:Infinity":18,"f:47:4:47:5":5,"s:47:16:47:Infinity":19,"s:50:2:50:Infinity":20}}}
,"/home/brianba/projects/sandbox/proteus/packages/cli/src/utils/dashboard.ts": {"path":"/home/brianba/projects/sandbox/proteus/packages/cli/src/utils/dashboard.ts","statementMap":{"0":{"start":{"line":15,"column":2},"end":{"line":25,"column":null}},"1":{"start":{"line":16,"column":16},"end":{"line":16,"column":null}},"2":{"start":{"line":17,"column":4},"end":{"line":19,"column":null}},"3":{"start":{"line":18,"column":6},"end":{"line":18,"column":null}},"4":{"start":{"line":20,"column":4},"end":{"line":24,"column":null}},"5":{"start":{"line":21,"column":6},"end":{"line":23,"column":null}},"6":{"start":{"line":26,"column":2},"end":{"line":26,"column":null}},"7":{"start":{"line":29,"column":23},"end":{"line":48,"column":null}},"8":{"start":{"line":51,"column":2},"end":{"line":51,"column":null}},"9":{"start":{"line":51,"column":36},"end":{"line":51,"column":48}},"10":{"start":{"line":56,"column":24},"end":{"line":56,"column":null}},"11":{"start":{"line":57,"column":2},"end":{"line":59,"column":null}},"12":{"start":{"line":58,"column":4},"end":{"line":58,"column":null}},"13":{"start":{"line":62,"column":20},"end":{"line":62,"column":null}},"14":{"start":{"line":63,"column":2},"end":{"line":65,"column":null}},"15":{"start":{"line":64,"column":4},"end":{"line":64,"column":null}},"16":{"start":{"line":68,"column":15},"end":{"line":68,"column":null}},"17":{"start":{"line":69,"column":2},"end":{"line":69,"column":null}},"18":{"start":{"line":73,"column":14},"end":{"line":73,"column":null}},"19":{"start":{"line":75,"column":2},"end":{"line":114,"column":null}},"20":{"start":{"line":77,"column":6},"end":{"line":77,"column":null}},"21":{"start":{"line":79,"column":6},"end":{"line":79,"column":null}},"22":{"start":{"line":81,"column":6},"end":{"line":81,"column":null}},"23":{"start":{"line":83,"column":6},"end":{"line":86,"column":null}},"24":{"start":{"line":84,"column":20},"end":{"line":84,"column":null}},"25":{"start":{"line":85,"column":8},"end":{"line":85,"column":null}},"26":{"start":{"line":87,"column":6},"end":{"line":87,"column":null}},"27":{"start":{"line":89,"column":6},"end":{"line":89,"column":null}},"28":{"start":{"line":91,"column":6},"end":{"line":91,"column":null}},"29":{"start":{"line":93,"column":6},"end":{"line":93,"column":null}},"30":{"start":{"line":95,"column":6},"end":{"line":95,"column":null}},"31":{"start":{"line":109,"column":6},"end":{"line":109,"column":null}},"32":{"start":{"line":111,"column":6},"end":{"line":111,"column":null}},"33":{"start":{"line":113,"column":6},"end":{"line":113,"column":null}},"34":{"start":{"line":118,"column":16},"end":{"line":118,"column":null}},"35":{"start":{"line":119,"column":2},"end":{"line":119,"column":null}},"36":{"start":{"line":119,"column":25},"end":{"line":119,"column":null}},"37":{"start":{"line":120,"column":2},"end":{"line":120,"column":null}},"38":{"start":{"line":124,"column":2},"end":{"line":124,"column":null}},"39":{"start":{"line":133,"column":19},"end":{"line":133,"column":null}},"40":{"start":{"line":134,"column":27},"end":{"line":134,"column":null}},"41":{"start":{"line":135,"column":23},"end":{"line":135,"column":null}},"42":{"start":{"line":137,"column":23},"end":{"line":137,"column":null}},"43":{"start":{"line":139,"column":22},"end":{"line":139,"column":41}},"44":{"start":{"line":140,"column":4},"end":{"line":140,"column":null}},"45":{"start":{"line":141,"column":4},"end":{"line":149,"column":null}},"46":{"start":{"line":154,"column":4},"end":{"line":161,"column":null}},"47":{"start":{"line":159,"column":6},"end":{"line":159,"column":null}},"48":{"start":{"line":160,"column":6},"end":{"line":160,"column":null}},"49":{"start":{"line":164,"column":4},"end":{"line":216,"column":null}},"50":{"start":{"line":165,"column":20},"end":{"line":165,"column":null}},"51":{"start":{"line":166,"column":22},"end":{"line":166,"column":null}},"52":{"start":{"line":167,"column":6},"end":{"line":167,"column":null}},"53":{"start":{"line":167,"column":35},"end":{"line":167,"column":null}},"54":{"start":{"line":169,"column":6},"end":{"line":214,"column":null}},"55":{"start":{"line":170,"column":8},"end":{"line":170,"column":null}},"56":{"start":{"line":170,"column":71},"end":{"line":170,"column":null}},"57":{"start":{"line":173,"column":8},"end":{"line":186,"column":null}},"58":{"start":{"line":178,"column":23},"end":{"line":180,"column":null}},"59":{"start":{"line":181,"column":21},"end":{"line":181,"column":null}},"60":{"start":{"line":182,"column":27},"end":{"line":182,"column":null}},"61":{"start":{"line":183,"column":10},"end":{"line":183,"column":null}},"62":{"start":{"line":184,"column":10},"end":{"line":184,"column":null}},"63":{"start":{"line":185,"column":10},"end":{"line":185,"column":null}},"64":{"start":{"line":189,"column":8},"end":{"line":198,"column":null}},"65":{"start":{"line":190,"column":27},"end":{"line":190,"column":null}},"66":{"start":{"line":191,"column":10},"end":{"line":191,"column":null}},"67":{"start":{"line":192,"column":10},"end":{"line":192,"column":null}},"68":{"start":{"line":193,"column":23},"end":{"line":193,"column":null}},"69":{"start":{"line":194,"column":10},"end":{"line":196,"column":null}},"70":{"start":{"line":195,"column":12},"end":{"line":195,"column":null}},"71":{"start":{"line":197,"column":10},"end":{"line":197,"column":null}},"72":{"start":{"line":201,"column":8},"end":{"line":213,"column":null}},"73":{"start":{"line":206,"column":23},"end":{"line":206,"column":null}},"74":{"start":{"line":207,"column":10},"end":{"line":212,"column":null}},"75":{"start":{"line":208,"column":28},"end":{"line":208,"column":null}},"76":{"start":{"line":209,"column":12},"end":{"line":211,"column":null}},"77":{"start":{"line":210,"column":14},"end":{"line":210,"column":null}},"78":{"start":{"line":215,"column":6},"end":{"line":215,"column":null}},"79":{"start":{"line":219,"column":4},"end":{"line":234,"column":null}},"80":{"start":{"line":220,"column":20},"end":{"line":220,"column":null}},"81":{"start":{"line":221,"column":6},"end":{"line":221,"column":null}},"82":{"start":{"line":222,"column":6},"end":{"line":222,"column":null}},"83":{"start":{"line":224,"column":18},"end":{"line":224,"column":null}},"84":{"start":{"line":225,"column":22},"end":{"line":225,"column":null}},"85":{"start":{"line":226,"column":6},"end":{"line":232,"column":null}},"86":{"start":{"line":227,"column":8},"end":{"line":227,"column":null}},"87":{"start":{"line":228,"column":8},"end":{"line":231,"column":null}},"88":{"start":{"line":233,"column":6},"end":{"line":233,"column":null}},"89":{"start":{"line":237,"column":4},"end":{"line":252,"column":null}},"90":{"start":{"line":243,"column":6},"end":{"line":250,"column":null}},"91":{"start":{"line":244,"column":22},"end":{"line":244,"column":null}},"92":{"start":{"line":245,"column":8},"end":{"line":249,"column":null}},"93":{"start":{"line":246,"column":10},"end":{"line":246,"column":null}},"94":{"start":{"line":247,"column":10},"end":{"line":247,"column":null}},"95":{"start":{"line":248,"column":10},"end":{"line":248,"column":null}},"96":{"start":{"line":251,"column":6},"end":{"line":251,"column":null}},"97":{"start":{"line":255,"column":4},"end":{"line":257,"column":null}},"98":{"start":{"line":256,"column":6},"end":{"line":256,"column":null}},"99":{"start":{"line":261,"column":4},"end":{"line":263,"column":null}},"100":{"start":{"line":262,"column":6},"end":{"line":262,"column":null}},"101":{"start":{"line":267,"column":4},"end":{"line":267,"column":null}},"102":{"start":{"line":270,"column":6},"end":{"line":270,"column":null}},"103":{"start":{"line":272,"column":4},"end":{"line":274,"column":null}},"104":{"start":{"line":273,"column":6},"end":{"line":273,"column":null}},"105":{"start":{"line":276,"column":29},"end":{"line":284,"column":null}},"106":{"start":{"line":285,"column":4},"end":{"line":285,"column":null}},"107":{"start":{"line":286,"column":4},"end":{"line":286,"column":null}},"108":{"start":{"line":287,"column":4},"end":{"line":287,"column":null}},"109":{"start":{"line":291,"column":4},"end":{"line":291,"column":null}},"110":{"start":{"line":291,"column":38},"end":{"line":291,"column":null}},"111":{"start":{"line":292,"column":4},"end":{"line":294,"column":null}},"112":{"start":{"line":293,"column":6},"end":{"line":293,"column":null}},"113":{"start":{"line":293,"column":27},"end":{"line":293,"column":null}},"114":{"start":{"line":295,"column":4},"end":{"line":295,"column":null}},"115":{"start":{"line":299,"column":4},"end":{"line":299,"column":null}},"116":{"start":{"line":299,"column":26},"end":{"line":299,"column":null}},"117":{"start":{"line":300,"column":4},"end":{"line":300,"column":null}},"118":{"start":{"line":305,"column":6},"end":{"line":305,"column":null}},"119":{"start":{"line":307,"column":4},"end":{"line":312,"column":null}},"120":{"start":{"line":308,"column":21},"end":{"line":308,"column":null}},"121":{"start":{"line":309,"column":6},"end":{"line":309,"column":null}},"122":{"start":{"line":311,"column":6},"end":{"line":311,"column":null}},"123":{"start":{"line":316,"column":4},"end":{"line":316,"column":null}},"124":{"start":{"line":316,"column":32},"end":{"line":316,"column":null}},"125":{"start":{"line":318,"column":22},"end":{"line":318,"column":null}},"126":{"start":{"line":319,"column":4},"end":{"line":321,"column":null}},"127":{"start":{"line":322,"column":4},"end":{"line":338,"column":null}},"128":{"start":{"line":323,"column":22},"end":{"line":323,"column":null}},"129":{"start":{"line":325,"column":8},"end":{"line":327,"column":null}},"130":{"start":{"line":329,"column":6},"end":{"line":337,"column":null}},"131":{"start":{"line":330,"column":8},"end":{"line":332,"column":null}},"132":{"start":{"line":334,"column":8},"end":{"line":336,"column":null}}},"fnMap":{"0":{"name":"extractAgentName","decl":{"start":{"line":14,"column":9},"end":{"line":14,"column":26}},"loc":{"start":{"line":14,"column":50},"end":{"line":27,"column":null}},"line":14},"1":{"name":"isInternalNoise","decl":{"start":{"line":50,"column":9},"end":{"line":50,"column":25}},"loc":{"start":{"line":50,"column":48},"end":{"line":52,"column":null}},"line":50},"2":{"name":"(anonymous_2)","decl":{"start":{"line":51,"column":29},"end":{"line":51,"column":30}},"loc":{"start":{"line":51,"column":36},"end":{"line":51,"column":48}},"line":51},"3":{"name":"summarizeText","decl":{"start":{"line":54,"column":9},"end":{"line":54,"column":23}},"loc":{"start":{"line":54,"column":52},"end":{"line":70,"column":null}},"line":54},"4":{"name":"describeToolUse","decl":{"start":{"line":72,"column":9},"end":{"line":72,"column":25}},"loc":{"start":{"line":72,"column":74},"end":{"line":115,"column":null}},"line":72},"5":{"name":"shortPath","decl":{"start":{"line":117,"column":9},"end":{"line":117,"column":19}},"loc":{"start":{"line":117,"column":45},"end":{"line":121,"column":null}},"line":117},"6":{"name":"shortStr","decl":{"start":{"line":123,"column":9},"end":{"line":123,"column":18}},"loc":{"start":{"line":123,"column":53},"end":{"line":125,"column":null}},"line":123},"7":{"name":"(anonymous_7)","decl":{"start":{"line":139,"column":2},"end":{"line":139,"column":22}},"loc":{"start":{"line":139,"column":41},"end":{"line":150,"column":null}},"line":139},"8":{"name":"(anonymous_8)","decl":{"start":{"line":152,"column":2},"end":{"line":152,"column":12}},"loc":{"start":{"line":152,"column":39},"end":{"line":258,"column":null}},"line":152},"9":{"name":"(anonymous_9)","decl":{"start":{"line":260,"column":2},"end":{"line":260,"column":18}},"loc":{"start":{"line":260,"column":18},"end":{"line":264,"column":null}},"line":260},"10":{"name":"(anonymous_10)","decl":{"start":{"line":266,"column":10},"end":{"line":266,"column":24}},"loc":{"start":{"line":266,"column":68},"end":{"line":288,"column":null}},"line":266},"11":{"name":"(anonymous_11)","decl":{"start":{"line":290,"column":10},"end":{"line":290,"column":18}},"loc":{"start":{"line":290,"column":41},"end":{"line":296,"column":null}},"line":290},"12":{"name":"(anonymous_12)","decl":{"start":{"line":298,"column":10},"end":{"line":298,"column":23}},"loc":{"start":{"line":298,"column":66},"end":{"line":301,"column":null}},"line":298},"13":{"name":"(anonymous_13)","decl":{"start":{"line":303,"column":10},"end":{"line":303,"column":20}},"loc":{"start":{"line":303,"column":58},"end":{"line":313,"column":null}},"line":303},"14":{"name":"(anonymous_14)","decl":{"start":{"line":315,"column":10},"end":{"line":315,"column":31}},"loc":{"start":{"line":315,"column":31},"end":{"line":339,"column":null}},"line":315}},"branchMap":{"0":{"loc":{"start":{"line":15,"column":2},"end":{"line":25,"column":null}},"type":"if","locations":[{"start":{"line":15,"column":2},"end":{"line":25,"column":null}},{"start":{},"end":{}}],"line":15},"1":{"loc":{"start":{"line":15,"column":6},"end":{"line":15,"column":42}},"type":"binary-expr","locations":[{"start":{"line":15,"column":6},"end":{"line":15,"column":15}},{"start":{"line":15,"column":15},"end":{"line":15,"column":42}}],"line":15},"2":{"loc":{"start":{"line":17,"column":4},"end":{"line":19,"column":null}},"type":"if","locations":[{"start":{"line":17,"column":4},"end":{"line":19,"column":null}},{"start":{},"end":{}}],"line":17},"3":{"loc":{"start":{"line":17,"column":8},"end":{"line":17,"column":61}},"type":"binary-expr","locations":[{"start":{"line":17,"column":8},"end":{"line":17,"column":40}},{"start":{"line":17,"column":40},"end":{"line":17,"column":61}}],"line":17},"4":{"loc":{"start":{"line":18,"column":13},"end":{"line":18,"column":null}},"type":"cond-expr","locations":[{"start":{"line":18,"column":36},"end":{"line":18,"column":60}},{"start":{"line":18,"column":60},"end":{"line":18,"column":null}}],"line":18},"5":{"loc":{"start":{"line":20,"column":4},"end":{"line":24,"column":null}},"type":"if","locations":[{"start":{"line":20,"column":4},"end":{"line":24,"column":null}},{"start":{},"end":{}}],"line":20},"6":{"loc":{"start":{"line":20,"column":8},"end":{"line":20,"column":75}},"type":"binary-expr","locations":[{"start":{"line":20,"column":8},"end":{"line":20,"column":47}},{"start":{"line":20,"column":47},"end":{"line":20,"column":75}}],"line":20},"7":{"loc":{"start":{"line":21,"column":13},"end":{"line":23,"column":null}},"type":"cond-expr","locations":[{"start":{"line":22,"column":10},"end":{"line":22,"column":null}},{"start":{"line":23,"column":10},"end":{"line":23,"column":null}}],"line":21},"8":{"loc":{"start":{"line":57,"column":2},"end":{"line":59,"column":null}},"type":"if","locations":[{"start":{"line":57,"column":2},"end":{"line":59,"column":null}},{"start":{},"end":{}}],"line":57},"9":{"loc":{"start":{"line":57,"column":6},"end":{"line":57,"column":55}},"type":"binary-expr","locations":[{"start":{"line":57,"column":6},"end":{"line":57,"column":23}},{"start":{"line":57,"column":23},"end":{"line":57,"column":55}}],"line":57},"10":{"loc":{"start":{"line":63,"column":2},"end":{"line":65,"column":nul
[...]
e":40,"column":56}},"10":{"start":{"line":42,"column":2},"end":{"line":42,"column":null}},"11":{"start":{"line":42,"column":21},"end":{"line":42,"column":null}},"12":{"start":{"line":44,"column":14},"end":{"line":44,"column":null}},"13":{"start":{"line":45,"column":2},"end":{"line":45,"column":null}},"14":{"start":{"line":45,"column":38},"end":{"line":45,"column":null}},"15":{"start":{"line":46,"column":2},"end":{"line":46,"column":null}},"16":{"start":{"line":52,"column":19},"end":{"line":52,"column":null}},"17":{"start":{"line":53,"column":69},"end":{"line":53,"column":null}},"18":{"start":{"line":55,"column":2},"end":{"line":71,"column":null}},"19":{"start":{"line":55,"column":15},"end":{"line":55,"column":18}},"20":{"start":{"line":56,"column":20},"end":{"line":56,"column":null}},"21":{"start":{"line":57,"column":21},"end":{"line":57,"column":null}},"22":{"start":{"line":59,"column":4},"end":{"line":70,"column":null}},"23":{"start":{"line":66,"column":6},"end":{"line":69,"column":null}},"24":{"start":{"line":73,"column":2},"end":{"line":73,"column":null}}},"fnMap":{"0":{"name":"getStageStatuses","decl":{"start":{"line":22,"column":16},"end":{"line":22,"column":33}},"loc":{"start":{"line":22,"column":68},"end":{"line":36,"column":null}},"line":22},"1":{"name":"(anonymous_1)","decl":{"start":{"line":25,"column":25},"end":{"line":25,"column":26}},"loc":{"start":{"line":25,"column":36},"end":{"line":35,"column":3}},"line":25},"2":{"name":"getCurrentStage","decl":{"start":{"line":38,"column":16},"end":{"line":38,"column":32}},"loc":{"start":{"line":38,"column":60},"end":{"line":47,"column":null}},"line":38},"3":{"name":"(anonymous_3)","decl":{"start":{"line":40,"column":39},"end":{"line":40,"column":40}},"loc":{"start":{"line":40,"column":46},"end":{"line":40,"column":56}},"line":40},"4":{"name":"checkStaleness","decl":{"start":{"line":49,"column":16},"end":{"line":49,"column":null}},"loc":{"start":{"line":51,"column":52},"end":{"line":74,"column":null}},"line":51}},"branchMap":{"0":{"loc":{"start":{"line":30,"column":4},"end":{"line":32,"column":null}},"type":"if","locations":[{"start":{"line":30,"column":4},"end":{"line":32,"column":null}},{"start":{},"end":{}}],"line":30},"1":{"loc":{"start":{"line":42,"column":2},"end":{"line":42,"column":null}},"type":"if","locations":[{"start":{"line":42,"column":2},"end":{"line":42,"column":null}},{"start":{},"end":{}}],"line":42},"2":{"loc":{"start":{"line":45,"column":2},"end":{"line":45,"column":null}},"type":"if","locations":[{"start":{"line":45,"column":2},"end":{"line":45,"column":null}},{"start":{},"end":{}}],"line":45},"3":{"loc":{"start":{"line":59,"column":4},"end":{"line":70,"column":null}},"type":"if","locations":[{"start":{"line":59,"column":4},"end":{"line":70,"column":null}},{"start":{},"end":{}}],"line":59},"4":{"loc":{"start":{"line":60,"column":6},"end":{"line":64,"column":null}},"type":"binary-expr","locations":[{"start":{"line":60,"column":6},"end":{"line":60,"column":null}},{"start":{"line":61,"column":6},"end":{"line":61,"column":null}},{"start":{"line":62,"column":6},"end":{"line":62,"column":null}},{"start":{"line":63,"column":6},"end":{"line":63,"column":null}},{"start":{"line":64,"column":6},"end":{"line":64,"column":null}}],"line":60}},"s":{"0":8,"1":8,"2":40,"3":40,"4":40,"5":10,"6":40,"7":3,"8":3,"9":15,"10":3,"11":1,"12":2,"13":2,"14":1,"15":1,"16":2,"17":2,"18":2,"19":2,"20":8,"21":8,"22":8,"23":1,"24":2},"f":{"0":8,"1":40,"2":3,"3":15,"4":2},"b":{"0":[10,30],"1":[1,2],"2":[1,1],"3":[1,7],"4":[8,1,1,1,1]},"meta":{"lastBranch":5,"lastFunction":5,"lastStatement":25,"seen":{"f:22:16:22:33":0,"s:23:8:23:Infinity":0,"s:25:2:35:Infinity":1,"f:25:25:25:26":1,"s:26:10:26:Infinity":2,"s:27:10:27:Infinity":3,"b:30:4:32:Infinity:undefined:undefined:undefined:undefined":0,"s:30:4:32:Infinity":4,"s:31:6:31:Infinity":5,"s:34:4:34:Infinity":6,"f:38:16:38:32":2,"s:39:19:39:Infinity":7,"s:40:23:40:Infinity":8,"f:40:39:40:40":3,"s:40:46:40:56":9,"b:42:2:42:Infinity:undefined:undefined:undefined:undefined":1,"s:42:2:42:Infinity":10,"s:42:21:42:Infinity":11,"s:44:14:44:Infinity":12,"b:45:2:45:Infinity:undefined:undefined:undefined:undefined":2,"s:45:2:45:Infinity":13,"s:45:38:45:Infinity":14,"s:46:2:46:Infinity":15,"f:49:16:49:Infinity":4,"s:52:19:52:Infinity":16,"s:53:69:53:Infinity":17,"s:55:2:71:Infinity":18,"s:55:15:55:18":19,"s:56:20:56:Infinity":20,"s:57:21:57:Infinity":21,"b:59:4:70:Infinity:undefined:undefined:undefined:undefined":3,"s:59:4:70:Infinity":22,"b:60:6:60:Infinity:61:6:61:Infinity:62:6:62:Infinity:63:6:63:Infinity:64:6:64:Infinity":4,"s:66:6:69:Infinity":23,"s:73:2:73:Infinity":24}}}
,"/home/brianba/projects/sandbox/proteus/packages/cli/src/utils/verify.ts": {"path":"/home/brianba/projects/sandbox/proteus/packages/cli/src/utils/verify.ts","statementMap":{"0":{"start":{"line":25,"column":71},"end":{"line":31,"column":null}},"1":{"start":{"line":33,"column":46},"end":{"line":38,"column":null}},"2":{"start":{"line":41,"column":2},"end":{"line":45,"column":null}},"3":{"start":{"line":42,"column":4},"end":{"line":44,"column":null}},"4":{"start":{"line":43,"column":6},"end":{"line":43,"column":null}},"5":{"start":{"line":46,"column":2},"end":{"line":46,"column":null}},"6":{"start":{"line":52,"column":8},"end":{"line":52,"column":null}},"7":{"start":{"line":53,"column":2},"end":{"line":59,"column":null}},"8":{"start":{"line":54,"column":20},"end":{"line":54,"column":null}},"9":{"start":{"line":55,"column":16},"end":{"line":55,"column":null}},"10":{"start":{"line":56,"column":4},"end":{"line":56,"column":null}},"11":{"start":{"line":58,"column":4},"end":{"line":58,"column":null}},"12":{"start":{"line":68,"column":2},"end":{"line":80,"column":null}},"13":{"start":{"line":69,"column":10},"end":{"line":76,"column":null}},"14":{"start":{"line":70,"column":12},"end":{"line":70,"column":null}},"15":{"start":{"line":71,"column":6},"end":{"line":75,"column":null}},"16":{"start":{"line":72,"column":8},"end":{"line":72,"column":null}},"17":{"start":{"line":74,"column":8},"end":{"line":74,"column":null}},"18":{"start":{"line":77,"column":4},"end":{"line":79,"column":null}},"19":{"start":{"line":78,"column":6},"end":{"line":78,"column":null}},"20":{"start":{"line":92,"column":13},"end":{"line":92,"column":null}},"21":{"start":{"line":93,"column":18},"end":{"line":93,"column":null}},"22":{"start":{"line":94,"column":30},"end":{"line":94,"column":null}},"23":{"start":{"line":97,"column":34},"end":{"line":104,"column":null}},"24":{"start":{"line":106,"column":2},"end":{"line":112,"column":null}},"25":{"start":{"line":107,"column":18},"end":{"line":107,"column":null}},"26":{"start":{"line":108,"column":19},"end":{"line":108,"column":null}},"27":{"start":{"line":109,"column":4},"end":{"line":109,"column":null}},"28":{"start":{"line":110,"column":4},"end":{"line":110,"column":null}},"29":{"start":{"line":111,"column":4},"end":{"line":111,"column":null}},"30":{"start":{"line":111,"column":25},"end":{"line":111,"column":null}},"31":{"start":{"line":113,"column":2},"end":{"line":113,"column":null}},"32":{"start":{"line":116,"column":22},"end":{"line":116,"column":null}},"33":{"start":{"line":117,"column":2},"end":{"line":136,"column":null}},"34":{"start":{"line":118,"column":22},"end":{"line":118,"column":null}},"35":{"start":{"line":119,"column":29},"end":{"line":126,"column":null}},"36":{"start":{"line":128,"column":4},"end":{"line":134,"column":null}},"37":{"start":{"line":129,"column":20},"end":{"line":129,"column":null}},"38":{"start":{"line":130,"column":21},"end":{"line":130,"column":null}},"39":{"start":{"line":131,"column":6},"end":{"line":131,"column":null}},"40":{"start":{"line":132,"column":6},"end":{"line":132,"column":null}},"41":{"start":{"line":133,"column":6},"end":{"line":133,"column":null}},"42":{"start":{"line":133,"column":27},"end":{"line":133,"column":null}},"43":{"start":{"line":135,"column":4},"end":{"line":135,"column":null}},"44":{"start":{"line":138,"column":20},"end":{"line":138,"column":null}},"45":{"start":{"line":138,"column":39},"end":{"line":138,"column":60}},"46":{"start":{"line":139,"column":2},"end":{"line":139,"column":null}},"47":{"start":{"line":142,"column":14},"end":{"line":142,"column":null}},"48":{"start":{"line":143,"column":12},"end":{"line":143,"column":null}},"49":{"start":{"line":146,"column":2},"end":{"line":146,"column":null}},"50":{"start":{"line":148,"column":2},"end":{"line":156,"column":null}},"51":{"start":{"line":149,"column":4},"end":{"line":155,"column":null}},"52":{"start":{"line":150,"column":6},"end":{"line":150,"column":null}},"53":{"start":{"line":151,"column":4},"end":{"line":155,"column":null}},"54":{"start":{"line":152,"column":6},"end":{"line":152,"column":null}},"55":{"start":{"line":154,"column":6},"end":{"line":154,"column":null}},"56":{"start":{"line":158,"column":2},"end":{"line":169,"column":null}},"57":{"start":{"line":159,"column":19},"end":{"line":159,"column":null}},"58":{"start":{"line":159,"column":46},"end":{"line":159,"column":69}},"59":{"start":{"line":160,"column":4},"end":{"line":168,"column":null}},"60":{"start":{"line":161,"column":6},"end":{"line":167,"column":null}},"61":{"start":{"line":162,"column":8},"end":{"line":162,"column":null}},"62":{"start":{"line":163,"column":22},"end":{"line":163,"column":null}},"63":{"start":{"line":164,"column":8},"end":{"line":166,"column":null}},"64":{"start":{"line":165,"column":10},"end":{"line":165,"column":null}},"65":{"start":{"line":171,"column":2},"end":{"line":175,"column":null}},"66":{"start":{"line":179,"column":2},"end":{"line":179,"column":null}},"67":{"start":{"line":179,"column":17},"end":{"line":179,"column":null}},"68":{"start":{"line":180,"column":2},"end":{"line":180,"column":null}}},"fnMap":{"0":{"name":"detectPackageManager","decl":{"start":{"line":40,"column":16},"end":{"line":40,"column":37}},"loc":{"start":{"line":40,"column":73},"end":{"line":47,"column":null}},"line":40},"1":{"name":"getAvailableScripts","decl":{"start":{"line":49,"column":22},"end":{"line":49,"column":null}},"loc":{"start":{"line":51,"column":24},"end":{"line":60,"column":null}},"line":51},"2":{"name":"runCommand","decl":{"start":{"line":62,"column":9},"end":{"line":62,"column":null}},"loc":{"start":{"line":67,"column":49},"end":{"line":81,"column":null}},"line":67},"3":{"name":"(anonymous_3)","decl":{"start":{"line":68,"column":21},"end":{"line":68,"column":22}},"loc":{"start":{"line":68,"column":34},"end":{"line":80,"column":3}},"line":68},"4":{"name":"(anonymous_4)","decl":{"start":{"line":69,"column":99},"end":{"line":69,"column":100}},"loc":{"start":{"line":69,"column":126},"end":{"line":76,"column":5}},"line":69},"5":{"name":"(anonymous_5)","decl":{"start":{"line":77,"column":21},"end":{"line":77,"column":22}},"loc":{"start":{"line":77,"column":30},"end":{"line":79,"column":5}},"line":77},"6":{"name":"runVerification","decl":{"start":{"line":88,"column":22},"end":{"line":88,"column":null}},"loc":{"start":{"line":91,"column":25},"end":{"line":140,"column":null}},"line":91},"7":{"name":"(anonymous_7)","decl":{"start":{"line":138,"column":32},"end":{"line":138,"column":33}},"loc":{"start":{"line":138,"column":39},"end":{"line":138,"column":60}},"line":138},"8":{"name":"printVerifyResult","decl":{"start":{"line":145,"column":16},"end":{"line":145,"column":34}},"loc":{"start":{"line":145,"column":81},"end":{"line":176,"column":null}},"line":145},"9":{"name":"(anonymous_9)","decl":{"start":{"line":159,"column":39},"end":{"line":159,"column":40}},"loc":{"start":{"line":159,"column":46},"end":{"line":159,"column":69}},"line":159},"10":{"name":"formatMs","decl":{"start":{"line":178,"column":9},"end":{"line":178,"column":18}},"loc":{"start":{"line":178,"column":38},"end":{"line":181,"column":null}},"line":178}},"branchMap":{"0":{"loc":{"start":{"line":42,"column":4},"end":{"line":44,"column":null}},"type":"if","locations":[{"start":{"line":42,"column":4},"end":{"line":44,"column":null}},{"start":{},"end":{}}],"line":42},"1":{"loc":{"start":{"line":56,"column":31},"end":{"line":56,"column":48}},"type":"binary-expr","locations":[{"start":{"line":56,"column":31},"end":{"line":56,"column":46}},{"start":{"line":56,"column":46},"end":{"line":56,"column":48}}],"line":56},"2":{"loc":{"start":{"line":70,"column":22},"end":{"line":70,"column":39}},"type":"binary-expr","locations":[{"start":{"line":70,"column":22},"end":{"line":70,"column":32}},{"start":{"line":70,"column":32},"end":{"line":70,"column":39}}],"line":70},"3":{"loc":{"start":{"line":70,"column":39},"end":{"line":70,"column":null}},"type":"binary-expr","locations":[{"start":{"line":70,"column":39},"end":{"line":70,"column":49}},{"start":{"line":70,"column":49},"end":{"line":70,"column":null}}],"line":70},"4":{"loc":{"start":{"line":71,"column":6},"end":{"line":75,"column":null}},"type":"if","locations":[{"start":{"line":71,"column":6},"end":{"line":75,"column":null}},{"start":{"line":73,"column":13},"end":{"line":75,"column":null}}],"line":71},"5":{"loc":{"start":{"line":72,"column":42},"end":{"line":72,"column":77}},"type":"binary-expr","locations":[{"start":{"line":72,"column":42},"end":{"line":72,"column":53}},{"start":{"line":72,"column":53},"end":{"line":72,"column":77}}],"line":72},"6":{"loc":{"start":{"line":102,"column":13},"end":{"line":102,"column":null}},"type":"binary-expr","locations":[{"start":{"line":102,"column":13},"end":{"line":102,"column":37}},{"start":{"line":102,"column":37},"end":{"line":102,"column":null}}],"line":102},"7":{"loc":{"start":{"line":106,"column":2},"end":{"line":112,"column":null}},"type":"if","locations":[{"start":{"line":106,"column":2},"end":{"line":112,"column":null}},{"start":{},"end":{}}],"line":106},"8":{"loc":{"start":{"line":111,"column":4},"end":{"line":111,"column":null}},"type":"if","locations":[{"start":{"line":111,"column":4},"end":{"line":111,"column":null}},{"start":{},"end":{}}],"line":111},"9":{"loc":{"start":{"line":128,"column":4},"end":{"line":134,"column":null}},"type":"if","locations":[{"start":{"line":128,"column":4},"end":{"line":134,"column":null}},{"start":{},"end":{}}],"line":128},"10":{"loc":{"start":{"line":133,"column":6},"end":{"line":133,"column":null}},"type":"if","locations":[{"start":{"line":133,"column":6},"end":{"line":133,"column":null}},{"start":{},"end":{}}],"line":133},"11":{"loc":{"start":{"line":138,"column":39},"end":{"line":138,"column":60}},"type":"binary-expr","locations":[{"start":{"line":138,"column":39},"end":{"line":138,"column":52}},{"start":{"line":138,"column":52},"end":{"line":138,"column":60}}],"line":138},"12":{"loc":{"start":{"line":149,"column":4},"end":{"line":155,"column":null}},"type":"if","locations":[{"start":{"line":149,"column":4},"end":{"line":155,"column":null}},{"start":{"line":151,"column":4},"end":{"line":155,"column":null}}],"line":149},"13":{"loc":{"start":{"line":151,"column":4},"end":{"line":155,"column":null}},"type":"if","locations":[{"start":{"line":151,"column":4},"end":{"line":155,"column":null}},{"start":{"line":153,"column":11},"end":{"line":155,"column":null}}],"line":151},"14":{"loc":{"start":{"line":158,"column":2},"end":{"line":169,"column":null}},"type":"if","locations":[{"start":{"line":158,"column":2},"end":{"line":169,"column":null}},{"start":{},"end":{}}],"line":158},"15":{"loc":{"start":{"line":159,"column":46},"end":{"line":159,"column":69}},"type":"binary-expr","locations":[{"start":{"line":159,"column":46},"end":{"line":159,"column":60}},{"start":{"line":159,"column":60},"end":{"line":159,"column":69}}],"line":159},"16":{"loc":{"start":{"line":161,"column":6},"end":{"line":167,"column":null}},"type":"if","locations":[{"start":{"line":161,"column":6},"end":{"line":167,"column":null}},{"start":{},"end":{}}],"line":161},"17":{"loc":{"start":{"line":172,"column":4},"end":{"line":174,"column":null}},"type":"cond-expr","locations":[{"start":{"line":173,"column":8},"end":{"line":173,"column":null}},{"start":{"line":174,"column":8},"end":{"line":174,"column":null}}],"line":172},"18":{"loc":{"start":{"line":179,"column":2},"end":{"line":179,"column":null}},"type":"if","locations":[{"start":{"line":179,"column":2},"end":{"line":179,"column":null}},{"start":{},"end":{}}],"line":179}},"s":{"0":2,"1":2,"2":26,"3":108,"4":9,"5":17,"6":10,"7":10,"8":10,"9":9,"10":9,"11":2,"12":21,"13":21,"14":21,"15":21,"16":2,"17":19,"18":21,"19":0,"20":6,"21":6,"22":6,"23":6,"24":6,"25":5,"26":5,"27":5,"28":5,"29":5,"30":0,"31":6,"32":6,"33":6,"34":18,"35":18,"36":18,"37":16,"38":16,"39":16,"40":16,"41":16,"42":2,"43":18,"44":6,"45":22,"46":6,"47":2,"48":2,"49":0,"50":0,"51":0,"52":0,"53":0,"54":0,"55":0,"56":0,"57":0,"58":0,"59":0,"60":0,"61":0,"62":0,"63":0,"64":0,"65":0,"66":0,"67":0,"68":0},"f":{"0":26,"1":10,"2":21,"3":21,"4":21,"5":0,"6":6,"7":22,"8":0,"9":0,"10":0},"b":{"0":[9,99],"1":[9,1],"2":[21,0],"3":[21,0],"4":[2,19],"5":[2,0],"6":[6,5],"7":[5,1],"8":[0,5],"9":[16,2],"10":[2,14],"11":[22,19],"12":[0,0],"13":[0,0],"14":[0,0],"15":[0,0],"16":[0,0],"17":[0,0],"18":[0,0]},"meta":{"lastBranch":19,"lastFunction":11,"lastStatement":69,"seen":{"s:25:71:31:Infinity":0,"s:33:46:38:Infinity":1,"f:40:16:40:37":0,"s:41:2:45:Infinity":2,"b:42:4:44:Infinity:undefined:undefined:undefined:undefined":0,"s:42:4:44:Infinity":3,"s:43:6:43:Infinity":4,"s:46:2:46:Infinity":5,"f:49:22:49:Infinity":1,"s:52:8:52:Infinity":6,"s:53:2:59:Infinity":7,"s:54:20:54:Infinity":8,"s:55:16:55:Infinity":9,"s:56:4:56:Infinity":10,"b:56:31:56:46:56:46:56:48":1,"s:58:4:58:Infinity":11,"f:62:9:62:Infinity":2,"s:68:2:80:Infinity":12,"f:68:21:68:22":3,"s:69:10:76:Infinity":13,"f:69:99:69:100":4,"s:70:12:70:Infinity":14,"b:70:22:70:32:70:32:70:39":2,"b:70:39:70:49:70:49:70:Infinity":3,"b:71:6:75:Infinity:73:13:75:Infinity":4,"s:71:6:75:Infinity":15,"s:72:8:72:Infinity":16,"b:72:42:72:53:72:53:72:77":5,"s:74:8:74:Infinity":17,"s:77:4:79:Infinity":18,"f:77:21:77:22":5,"s:78:6:78:Infinity":19,"f:88:22:88:Infinity":6,"s:92:13:92:Infinity":20,"s:93:18:93:Infinity":21,"s:94:30:94:Infinity":22,"s:97:34:104:Infinity":23,"b:102:13:102:37:102:37:102:Infinity":6,"b:106:2:112:Infinity:undefined:undefined:undefined:undefined":7,"s:106:2:112:Infinity":24,"s:107:18:107:Infinity":25,"s:108:19:108:Infinity":26,"s:109:4:109:Infinity":27,"s:110:4:110:Infinity":28,"b:111:4:111:Infinity:undefined:undefined:undefined:undefined":8,"s:111:4:111:Infinity":29,"s:111:25:111:Infinity":30,"s:113:2:113:Infinity":31,"s:116:22:116:Infinity":32,"s:117:2:136:Infinity":33,"s:118:22:118:Infinity":34,"s:119:29:126:Infinity":35,"b:128:4:134:Infinity:undefined:undefined:undefined:undefined":9,"s:128:4:134:Infinity":36,"s:129:20:129:Infinity":37,"s:130:21:130:Infinity":38,"s:131:6:131:Infinity":39,"s:132:6:132:Infinity":40,"b:133:6:133:Infinity:undefined:undefined:undefined:undefined":10,"s:133:6:133:Infinity":41,"s:133:27:133:Infinity":42,"s:135:4:135:Infinity":43,"s:138:20:138:Infinity":44,"f:138:32:138:33":7,"s:138:39:138:60":45,"b:138:39:138:52:138:52:138:60":11,"s:139:2:139:Infinity":46,"s:142:14:142:Infinity":47,"s:143:12:143:Infinity":48,"f:145:16:145:34":8,"s:146:2:146:Infinity":49,"s:148:2:156:Infinity":50,"b:149:4:155:Infinity:151:4:155:Infinity":12,"s:149:4:155:Infinity":51,"s:150:6:150:Infinity":52,"b:151:4:155:Infinity:153:11:155:Infinity":13,"s:151:4:155:Infinity":53,"s:152:6:152:Infinity":54,"s:154:6:154:Infinity":55,"b:158:2:169:Infinity:undefined:undefined:undefined:undefined":14,"s:158:2:169:Infinity":56,"s:159:19:159:Infinity":57,"f:159:39:159:40":9,"s:159:46:159:69":58,"b:159:46:159:60:159:60:159:69":15,"s:160:4:168:Infinity":59,"b:161:6:167:Infinity:undefined:undefined:undefined:undefined":16,"s:161:6:167:Infinity":60,"s:162:8:162:Infinity":61,"s:163:22:163:Infinity":62,"s:164:8:166:Infinity":63,"s:165:10:165:Infinity":64,"s:171:2:175:Infinity":65,"b:173:8:173:Infinity:174:8:174:Infinity":17,"f:178:9:178:18":10,"b:179:2:179:Infinity:undefined:undefined:undefined:undefined":18,"s:179:2:179:Infinity":66,"s:179:17:179:Infinity":67,"s:180:2:180:Infinity":68}}}
}
